Arguments: 
  /usr/local/bin/node /Users/jonathanspratley/.npm-global/bin/yarn

PATH: 
  /Users/jonathanspratley/Frameworks/pm-v1.2.9-Mac/uaa-scripts/:/Users/jonathanspratley/Frameworks/pm-v1.2.9-Mac/:/Users/jonathanspratley/Frameworks/sc-4.4.5-osx/bin:/Users/jonathanspratley/Frameworks/browsermob-proxy-2.1.2/bin:/Users/jonathanspratley/Frameworks/couchbase-server-enterprise_4/Couchbase Server.app//Contents/Resources/couchbase-core/bin:/Users/jonathanspratley/Frameworks/couchbase-sync-gateway/bin:/Users/jonathanspratley/.nvm:/Users/jonathanspratley/npm-global/bin:/Users/jonathanspratley/Frameworks/tree-1.7.0:/usr/local/opt/go/libexec/bin:/Users/jonathanspratley/Frameworks:/Users/jonathanspratley/.yarn/bin:/usr/local/lib/node_modules:/Users/jonathanspratley/.npm-global/bin:/Users/jonathanspratley/bin:/usr/local/bin:/usr/local/bin:/usr/bin:/bin:/usr/sbin:/sbin:/Library/GE/bin:/Users/jonathanspratley/homebrew/bin:/Users/jonathanspratley/Go/bin:/usr/local/opt/go/libexec/bin:/usr/local/opt/go/libexec/bin

Yarn version: 
  1.9.2

Node version: 
  8.11.3

Platform: 
  darwin x64

Trace: 
  Error: https://registry.yarnpkg.com/chalk/-/chalk-2.4.1.tgz: SSL Error: UNABLE_TO_GET_ISSUER_CERT_LOCALLY
      at Request.module.exports.Request.onRequestResponse (/Users/jonathanspratley/.npm-global/lib/node_modules/yarn/lib/cli.js:138179:24)
      at emitOne (events.js:116:13)
      at ClientRequest.emit (events.js:211:7)
      at HTTPParser.parserOnIncomingClient (_http_client.js:543:21)
      at HTTPParser.parserOnHeadersComplete (_http_common.js:112:17)
      at TLSSocket.socketOnData (_http_client.js:440:20)
      at emitOne (events.js:116:13)
      at TLSSocket.emit (events.js:211:7)
      at addChunk (_stream_readable.js:263:12)
      at readableAddChunk (_stream_readable.js:250:11)

npm manifest: 
  {
    "name": "jsapps-patternlab",
    "version": "1.0.0",
    "description": "",
    "main": "index.js",
    "scripts": {
      "test": "echo \"Error: no test specified\" && exit 1",
      "pl:build": "patternlab build --config ./patternlab-config.json",
      "pl:help": "patternlab --help",
      "pl:install": "patternlab install --config ./patternlab-config.json",
      "pl:serve": "patternlab serve --config ./patternlab-config.json",
      "pl:version": "patternlab --version"
    },
    "author": "",
    "license": "ISC",
    "dependencies": {
      "@pattern-lab/cli": "^0.0.1-alpha.23",
      "@pattern-lab/core": "^3.0.0-alpha.16",
      "@pattern-lab/engine-mustache": "^2.0.0-alpha.8",
      "@pattern-lab/uikit-workshop": "^1.0.0-alpha.7"
    }
  }

yarn manifest: 
  No manifest

Lockfile: 
  # THIS IS AN AUTOGENERATED FILE. DO NOT EDIT THIS FILE DIRECTLY.
  # yarn lockfile v1
  
  
  "@pattern-lab/cli@^0.0.1-alpha.23":
    version "0.0.1-alpha.23"
    resolved "https://registry.yarnpkg.com/@pattern-lab/cli/-/cli-0.0.1-alpha.23.tgz#55f53b0814f5bcecaf88999c57741e0d61fafa46"
    dependencies:
      "@pattern-lab/core" "^3.0.0-alpha.16"
      "@pattern-lab/live-server" "^1.3.3-alpha.6"
      archiver "2.1.1"
      chalk "2.4.1"
      commander "2.15.1"
      execa "0.10.0"
      fs-extra "6.0.1"
      glob "7.1.2"
      has-yarn "1.0.0"
      inquirer "5.1.0"
      lodash "4.17.10"
      ora "2.1.0"
      path-exists "3.0.0"
      sanitize-filename "1.6.1"
  
  "@pattern-lab/core@^3.0.0-alpha.16":
    version "3.0.0-alpha.16"
    resolved "https://registry.yarnpkg.com/@pattern-lab/core/-/core-3.0.0-alpha.16.tgz#73fc44d4eb8c2b19dafcc833b1226bee57cc79f8"
    dependencies:
      "@pattern-lab/engine-mustache" "^2.0.0-alpha.8"
      "@pattern-lab/live-server" "^1.3.3-alpha.6"
      chalk "1.1.3"
      chokidar "1.7.0"
      dive "0.5.0"
      fs-extra "5.0.0"
      glob "7.0.0"
      graphlib "2.1.1"
      js-beautify "1.6.3"
      js-yaml "3.6.1"
      lodash "4.17.5"
      markdown-it "6.0.1"
      node-fetch "1.6.0"
      recursive-copy "2.0.8"
      update-notifier "2.2.0"
  
  "@pattern-lab/engine-mustache@^2.0.0-alpha.8":
    version "2.0.0-alpha.8"
    resolved "https://registry.yarnpkg.com/@pattern-lab/engine-mustache/-/engine-mustache-2.0.0-alpha.8.tgz#79e4c6e977cd084ad4b6f5c2de926117de167fe0"
    dependencies:
      fs-extra "0.30.0"
      mustache "2.2.0"
  
  "@pattern-lab/live-server@^1.3.3-alpha.6":
    version "1.3.3-alpha.6"
    resolved "https://registry.yarnpkg.com/@pattern-lab/live-server/-/live-server-1.3.3-alpha.6.tgz#a45f7a1fe67826f1de3d2437e42e874f780687e0"
    dependencies:
      chokidar "1.6.0"
      colors "1.3.0"
      connect "3.6.5"
      cors "2.8.4"
      event-stream "3.3.4"
      faye-websocket "0.11.x"
      http-auth "3.2.x"
      morgan "1.6.1"
      object-assign "4.1.1"
      opn "5.3.0"
      proxy-middleware "0.15.0"
      send "0.16.2"
      serve-index "1.7.2"
  
  "@pattern-lab/uikit-workshop@^1.0.0-alpha.7":
    version "1.0.0-alpha.7"
    resolved "https://registry.yarnpkg.com/@pattern-lab/uikit-workshop/-/uikit-workshop-1.0.0-alpha.7.tgz#696ff8bfb31dfada05ec1d87e002d707a8f5655b"
    dependencies:
      bower "1.8.2"
  
  abbrev@1:
    version "1.1.1"
    resolved "https://registry.yarnpkg.com/abbrev/-/abbrev-1.1.1.tgz#f8f2c887ad10bf67f634f005b6987fed3179aac8"
  
  accepts@~1.2.12:
    version "1.2.13"
    resolved "https://registry.yarnpkg.com/accepts/-/accepts-1.2.13.tgz#e5f1f3928c6d95fd96558c36ec3d9d0de4a6ecea"
    dependencies:
      mime-types "~2.1.6"
      negotiator "0.5.3"
  
  ansi-align@^2.0.0:
    version "2.0.0"
    resolved "https://registry.yarnpkg.com/ansi-align/-/ansi-align-2.0.0.tgz#c36aeccba563b89ceb556f3690f0b1d9e3547f7f"
    dependencies:
      string-width "^2.0.0"
  
  ansi-escapes@^3.0.0:
    version "3.1.0"
    resolved "https://registry.yarnpkg.com/ansi-escapes/-/ansi-escapes-3.1.0.tgz#f73207bb81207d75fd6c83f125af26eea378ca30"
  
  ansi-regex@^2.0.0:
    version "2.1.1"
    resolved "https://registry.yarnpkg.com/ansi-regex/-/ansi-regex-2.1.1.tgz#c3b33ab5ee360d86e0e628f0468ae7ef27d654df"
  
  ansi-regex@^3.0.0:
    version "3.0.0"
    resolved "https://registry.yarnpkg.com/ansi-regex/-/ansi-regex-3.0.0.tgz#ed0317c322064f79466c02966bddb605ab37d998"
  
  ansi-styles@^2.2.1:
    version "2.2.1"
    resolved "https://registry.yarnpkg.com/ansi-styles/-/ansi-styles-2.2.1.tgz#b432dd3358b634cf75e1e4664368240533c1ddbe"
  
  ansi-styles@^3.2.1:
    version "3.2.1"
    resolved "https://registry.yarnpkg.com/ansi-styles/-/ansi-styles-3.2.1.tgz#41fbb20243e50b12be0f04b8dedbf07520ce841d"
    dependencies:
      color-convert "^1.9.0"
  
  anymatch@^1.3.0:
    version "1.3.2"
    resolved "https://registry.yarnpkg.com/anymatch/-/anymatch-1.3.2.tgz#553dcb8f91e3c889845dfdba34c77721b90b9d7a"
    dependencies:
      micromatch "^2.1.5"
      normalize-path "^2.0.0"
  
  apache-crypt@^1.1.2:
    version "1.2.1"
    resolved "https://registry.yarnpkg.com/apache-crypt/-/apache-crypt-1.2.1.tgz#d6fc72aa6d27d99c95a94fd188d731eefffa663c"
    dependencies:
      unix-crypt-td-js "^1.0.0"
  
  apache-md5@^1.0.6:
    version "1.1.2"
    resolved "https://registry.yarnpkg.com/apache-md5/-/apache-md5-1.1.2.tgz#ee49736b639b4f108b6e9e626c6da99306b41692"
  
  aproba@^1.0.3:
    version "1.2.0"
    resolved "https://registry.yarnpkg.com/aproba/-/aproba-1.2.0.tgz#6802e6264efd18c790a1b0d517f0f2627bf2c94a"
  
  archiver-utils@^1.3.0:
    version "1.3.0"
    resolved "https://registry.yarnpkg.com/archiver-utils/-/archiver-utils-1.3.0.tgz#e50b4c09c70bf3d680e32ff1b7994e9f9d895174"
    dependencies:
      glob "^7.0.0"
      graceful-fs "^4.1.0"
      lazystream "^1.0.0"
      lodash "^4.8.0"
      normalize-path "^2.0.0"
      readable-stream "^2.0.0"
  
  archiver@2.1.1:
    version "2.1.1"
    resolved "https://registry.yarnpkg.com/archiver/-/archiver-2.1.1.tgz#ff662b4a78201494a3ee544d3a33fe7496509ebc"
    dependencies:
      archiver-utils "^1.3.0"
      async "^2.0.0"
      buffer-crc32 "^0.2.1"
      glob "^7.0.0"
      lodash "^4.8.0"
      readable-stream "^2.0.0"
      tar-stream "^1.5.0"
      zip-stream "^1.2.0"
  
  are-we-there-yet@~1.1.2:
    version "1.1.5"
    resolved "https://registry.yarnpkg.com/are-we-there-yet/-/are-we-there-yet-1.1.5.tgz#4b35c2944f062a8bfcda66410760350fe9ddfc21"
    dependencies:
      delegates "^1.0.0"
      readable-stream "^2.0.6"
  
  argparse@^1.0.7:
    version "1.0.10"
    resolved "https://registry.yarnpkg.com/argparse/-/argparse-1.0.10.tgz#bcd6791ea5ae09725e17e5ad988134cd40b3d911"
    dependencies:
      sprintf-js "~1.0.2"
  
  arr-diff@^2.0.0:
    version "2.0.0"
    resolved "https://registry.yarnpkg.com/arr-diff/-/arr-diff-2.0.0.tgz#8f3b827f955a8bd669697e4a4256ac3ceae356cf"
    dependencies:
      arr-flatten "^1.0.1"
  
  arr-flatten@^1.0.1:
    version "1.1.0"
    resolved "https://registry.yarnpkg.com/arr-flatten/-/arr-flatten-1.1.0.tgz#36048bbff4e7b47e136644316c99669ea5ae91f1"
  
  array-differ@^1.0.0:
    version "1.0.0"
    resolved "https://registry.yarnpkg.com/array-differ/-/array-differ-1.0.0.tgz#eff52e3758249d33be402b8bb8e564bb2b5d4031"
  
  array-union@^1.0.1:
    version "1.0.2"
    resolved "https://registry.yarnpkg.com/array-union/-/array-union-1.0.2.tgz#9a34410e4f4e3da23dea375be5be70f24778ec39"
    dependencies:
      array-uniq "^1.0.1"
  
  array-uniq@^1.0.1:
    version "1.0.3"
    resolved "https://registry.yarnpkg.com/array-uniq/-/array-uniq-1.0.3.tgz#af6ac877a25cc7f74e058894753858dfdb24fdb6"
  
  array-unique@^0.2.1:
    version "0.2.1"
    resolved "https://registry.yarnpkg.com/array-unique/-/array-unique-0.2.1.tgz#a1d97ccafcbc2625cc70fadceb36a50c58b01a53"
  
  arrify@^1.0.0:
    version "1.0.1"
    resolved "https://registry.yarnpkg.com/arrify/-/arrify-1.0.1.tgz#898508da2226f380df904728456849c1501a4b0d"
  
  asap@~2.0.3:
    version "2.0.6"
    resolved "https://registry.yarnpkg.com/asap/-/asap-2.0.6.tgz#e50347611d7e690943208bbdafebcbc2fb866d46"
  
  async-each@^1.0.0:
    version "1.0.1"
    resolved "https://registry.yarnpkg.com/async-each/-/async-each-1.0.1.tgz#19d386a1d9edc6e7c1c85d388aedbcc56d33602d"
  
  async@^2.0.0:
    version "2.6.1"
    resolved "https://registry.yarnpkg.com/async/-/async-2.6.1.tgz#b245a23ca71930044ec53fa46aa00a3e87c6a610"
    dependencies:
      lodash "^4.17.10"
  
  balanced-match@^1.0.0:
    version "1.0.0"
    resolved "https://registry.yarnpkg.com/balanced-match/-/balanced-match-1.0.0.tgz#89b4d199ab2bee49de164ea02b89ce462d71b767"
  
  base64-js@^1.0.2:
    version "1.3.0"
    resolved "https://registry.yarnpkg.com/base64-js/-/base64-js-1.3.0.tgz#cab1e6118f051095e58b5281aea8c1cd22bfc0e3"
  
  basic-auth@~1.0.3:
    version "1.0.4"
    resolved "https://registry.yarnpkg.com/basic-auth/-/basic-auth-1.0.4.tgz#030935b01de7c9b94a824b29f3fccb750d3a5290"
  
  batch@0.5.2:
    version "0.5.2"
    resolved "https://registry.yarnpkg.com/batch/-/batch-0.5.2.tgz#546543dbe32118c83c7c7ca33a1f5c5d5ea963e9"
  
  bcryptjs@^2.3.0:
    version "2.4.3"
    resolved "https://registry.yarnpkg.com/bcryptjs/-/bcryptjs-2.4.3.tgz#9ab5627b93e60621ff7cdac5da9733027df1d0cb"
  
  binary-extensions@^1.0.0:
    version "1.11.0"
    resolved "https://registry.yarnpkg.com/binary-extensions/-/binary-extensions-1.11.0.tgz#46aa1751fb6a2f93ee5e689bb1087d4b14c6c205"
  
  bl@^1.0.0:
    version "1.2.2"
    resolved "https://registry.yarnpkg.com/bl/-/bl-1.2.2.tgz#a160911717103c07410cef63ef51b397c025af9c"
    dependencies:
      readable-stream "^2.3.5"
      safe-buffer "^5.1.1"
  
  bower@1.8.2:
    version "1.8.2"
    resolved "https://registry.yarnpkg.com/bower/-/bower-1.8.2.tgz#adf53529c8d4af02ef24fb8d5341c1419d33e2f7"
  
  boxen@^1.0.0:
    version "1.3.0"
    resolved "https://registry.yarnpkg.com/boxen/-/boxen-1.3.0.tgz#55c6c39a8ba58d9c61ad22cd877532deb665a20b"
    dependencies:
      ansi-align "^2.0.0"
      camelcase "^4.0.0"
      chalk "^2.0.1"
      cli-boxes "^1.0.0"
      string-width "^2.0.0"
      term-size "^1.2.0"
      widest-line "^2.0.0"
  
  brace-expansion@^1.1.7:
    version "1.1.11"
    resolved "https://registry.yarnpkg.com/brace-expansion/-/brace-expansion-1.1.11.tgz#3c7fcbf529d87226f3d2f52b966ff5271eb441dd"
    dependencies:
      balanced-match "^1.0.0"
      concat-map "0.0.1"
  
  braces@^1.8.2:
    version "1.8.5"
    resolved "https://registry.yarnpkg.com/braces/-/braces-1.8.5.tgz#ba77962e12dff969d6b76711e914b737857bf6a7"
    dependencies:
      expand-range "^1.8.1"
      preserve "^0.2.0"
      repeat-element "^1.1.2"
  
  buffer-alloc-unsafe@^1.1.0:
    version "1.1.0"
    resolved "https://registry.yarnpkg.com/buffer-alloc-unsafe/-/buffer-alloc-unsafe-1.1.0.tgz#bd7dc26ae2972d0eda253be061dba992349c19f0"
  
  buffer-alloc@^1.1.0:
    version "1.2.0"
    resolved "https://registry.yarnpkg.com/buffer-alloc/-/buffer-alloc-1.2.0.tgz#890dd90d923a873e08e10e5fd51a57e5b7cce0ec"
    dependencies:
      buffer-alloc-unsafe "^1.1.0"
      buffer-fill "^1.0.0"
  
  buffer-crc32@^0.2.1:
    version "0.2.13"
    resolved "https://registry.yarnpkg.com/buffer-crc32/-/buffer-crc32-0.2.13.tgz#0d333e3f00eac50aa1454abd30ef8c2a5d9a7242"
  
  buffer-fill@^1.0.0:
    version "1.0.0"
    resolved "https://registry.yarnpkg.com/buffer-fill/-/buffer-fill-1.0.0.tgz#f8f78b76789888ef39f205cd637f68e702122b2c"
  
  buffer@^5.1.0:
    version "5.2.0"
    resolved "https://registry.yarnpkg.com/buffer/-/buffer-5.2.0.tgz#53cf98241100099e9eeae20ee6d51d21b16e541e"
    dependencies:
      base64-js "^1.0.2"
      ieee754 "^1.1.4"
  
  camelcase@^4.0.0:
    version "4.1.0"
    resolved "https://registry.yarnpkg.com/camelcase/-/camelcase-4.1.0.tgz#d545635be1e33c542649c69173e5de6acfae34dd"
  
  capture-stack-trace@^1.0.0:
    version "1.0.0"
    resolved "https://registry.yarnpkg.com/capture-stack-trace/-/capture-stack-trace-1.0.0.tgz#4a6fa07399c26bba47f0b2496b4d0fb408c5550d"
  
  chalk@1.1.3, chalk@^1.0.0:
    version "1.1.3"
    resolved "https://registry.yarnpkg.com/chalk/-/chalk-1.1.3.tgz#a8115c55e4a702fe4d150abd3872822a7e09fc98"
    dependencies:
      ansi-styles "^2.2.1"
      escape-string-regexp "^1.0.2"
      has-ansi "^2.0.0"
      strip-ansi "^3.0.0"
      supports-color "^2.0.0"
  
  chalk@2.4.1, chalk@^2.0.0, chalk@^2.0.1, chalk@^2.3.1:
    version "2.4.1"
    resolved "https://registry.yarnpkg.com/chalk/-/chalk-2.4.1.tgz#18c49ab16a037b6eb0152cc83e3471338215b66e"
    dependencies:
      ansi-styles "^3.2.1"
      escape-string-regexp "^1.0.5"
      supports-color "^5.3.0"
  
  chardet@^0.4.0:
    version "0.4.2"
    resolved "https://registry.yarnpkg.com/chardet/-/chardet-0.4.2.tgz#b5473b33dc97c424e5d98dc87d55d4d8a29c8bf2"
  
  chokidar@1.6.0:
    version "1.6.0"
    resolved "https://registry.yarnpkg.com/chokidar/-/chokidar-1.6.0.tgz#90c32ad4802901d7713de532dc284e96a63ad058"
    dependencies:
      anymatch "^1.3.0"
      async-each "^1.0.0"
      glob-parent "^2.0.0"
      inherits "^2.0.1"
      is-binary-path "^1.0.0"
      is-glob "^2.0.0"
      path-is-absolute "^1.0.0"
      readdirp "^2.0.0"
    optionalDependencies:
      fsevents "^1.0.0"
  
  chokidar@1.7.0:
    version "1.7.0"
    resolved "https://registry.yarnpkg.com/chokidar/-/chokidar-1.7.0.tgz#798e689778151c8076b4b360e5edd28cda2bb468"
    dependencies:
      anymatch "^1.3.0"
      async-each "^1.0.0"
      glob-parent "^2.0.0"
      inherits "^2.0.1"
      is-binary-path "^1.0.0"
      is-glob "^2.0.0"
      path-is-absolute "^1.0.0"
      readdirp "^2.0.0"
    optionalDependencies:
      fsevents "^1.0.0"
  
  chownr@^1.0.1:
    version "1.0.1"
    resolved "https://registry.yarnpkg.com/chownr/-/chownr-1.0.1.tgz#e2a75042a9551908bebd25b8523d5f9769d79181"
  
  cli-boxes@^1.0.0:
    version "1.0.0"
    resolved "https://registry.yarnpkg.com/cli-boxes/-/cli-boxes-1.0.0.tgz#4fa917c3e59c94a004cd61f8ee509da651687143"
  
  cli-cursor@^2.1.0:
    version "2.1.0"
    resolved "https://registry.yarnpkg.com/cli-cursor/-/cli-cursor-2.1.0.tgz#b35dac376479facc3e94747d41d0d0f5238ffcb5"
    dependencies:
      restore-cursor "^2.0.0"
  
  cli-spinners@^1.1.0:
    version "1.3.1"
    resolved "https://registry.yarnpkg.com/cli-spinners/-/cli-spinners-1.3.1.tgz#002c1990912d0d59580c93bd36c056de99e4259a"
  
  cli-width@^2.0.0:
    version "2.2.0"
    resolved "https://registry.yarnpkg.com/cli-width/-/cli-width-2.2.0.tgz#ff19ede8a9a5e579324147b0c11f0fbcbabed639"
  
  clone@^1.0.2:
    version "1.0.4"
    resolved "https://registry.yarnpkg.com/clone/-/clone-1.0.4.tgz#da309cc263df15994c688ca902179ca3c7cd7c7e"
  
  code-point-at@^1.0.0:
    version "1.1.0"
    resolved "https://registry.yarnpkg.com/code-point-at/-/code-point-at-1.1.0.tgz#0d070b4d043a5bea33a2f1a40e2edb3d9a4ccf77"
  
  color-convert@^1.9.0:
    version "1.9.2"
    resolved "https://registry.yarnpkg.com/color-convert/-/color-convert-1.9.2.tgz#49881b8fba67df12a96bdf3f56c0aab9e7913147"
    dependencies:
      color-name "1.1.1"
  
  color-name@1.1.1:
    version "1.1.1"
    resolved "https://registry.yarnpkg.com/color-name/-/color-name-1.1.1.tgz#4b1415304cf50028ea81643643bd82ea05803689"
  
  colors@1.3.0:
    version "1.3.0"
    resolved "https://registry.yarnpkg.com/colors/-/colors-1.3.0.tgz#5f20c9fef6945cb1134260aab33bfbdc8295e04e"
  
  commander@2.15.1:
    version "2.15.1"
    resolved "https://registry.yarnpkg.com/commander/-/commander-2.15.1.tgz#df46e867d0fc2aec66a34662b406a9ccafff5b0f"
  
  compress-commons@^1.2.0:
    version "1.2.2"
    resolved "https://registry.yarnpkg.com/compress-commons/-/compress-commons-1.2.2.tgz#524a9f10903f3a813389b0225d27c48bb751890f"
    dependencies:
      buffer-crc32 "^0.2.1"
      crc32-stream "^2.0.0"
      normalize-path "^2.0.0"
      readable-stream "^2.0.0"
  
  concat-map@0.0.1:
    version "0.0.1"
    resolved "https://registry.yarnpkg.com/concat-map/-/concat-map-0.0.1.tgz#d8a96bd77fd68df7793a73036a3ba0d5405d477b"
  
  config-chain@~1.1.5:
    version "1.1.11"
    resolved "https://registry.yarnpkg.com/config-chain/-/config-chain-1.1.11.tgz#aba09747dfbe4c3e70e766a6e41586e1859fc6f2"
    dependencies:
      ini "^1.3.4"
      proto-list "~1.2.1"
  
  configstore@^3.0.0:
    version "3.1.2"
    resolved "https://registry.yarnpkg.com/configstore/-/configstore-3.1.2.tgz#c6f25defaeef26df12dd33414b001fe81a543f8f"
    dependencies:
      dot-prop "^4.1.0"
      graceful-fs "^4.1.2"
      make-dir "^1.0.0"
      unique-string "^1.0.0"
      write-file-atomic "^2.0.0"
      xdg-basedir "^3.0.0"
  
  connect@3.6.5:
    version "3.6.5"
    resolved "https://registry.yarnpkg.com/connect/-/connect-3.6.5.tgz#fb8dde7ba0763877d0ec9df9dac0b4b40e72c7da"
    dependencies:
      debug "2.6.9"
      finalhandler "1.0.6"
      parseurl "~1.3.2"
      utils-merge "1.0.1"
  
  console-control-strings@^1.0.0, console-control-strings@~1.1.0:
    version "1.1.0"
    resolved "https://registry.yarnpkg.com/console-control-strings/-/console-control-strings-1.1.0.tgz#3d7cf4464db6446ea644bf4b39507f9851008e8e"
  
  core-util-is@~1.0.0:
    version "1.0.2"
    resolved "https://registry.yarnpkg.com/core-util-is/-/core-util-is-1.0.2.tgz#b5fd54220aa2bc5ab57aab7140c940754503c1a7"
  
  cors@2.8.4:
    version "2.8.4"
    resolved "https://registry.yarnpkg.com/cors/-/cors-2.8.4.tgz#2bd381f2eb201020105cd50ea59da63090694686"
    dependencies:
      object-assign "^4"
      vary "^1"
  
  crc32-stream@^2.0.0:
    version "2.0.0"
    resolved "https://registry.yarnpkg.com/crc32-stream/-/crc32-stream-2.0.0.tgz#e3cdd3b4df3168dd74e3de3fbbcb7b297fe908f4"
    dependencies:
      crc "^3.4.4"
      readable-stream "^2.0.0"
  
  crc@^3.4.4:
    version "3.8.0"
    resolved "https://registry.yarnpkg.com/crc/-/crc-3.8.0.tgz#ad60269c2c856f8c299e2c4cc0de4556914056c6"
    dependencies:
      buffer "^5.1.0"
  
  create-error-class@^3.0.0:
    version "3.0.2"
    resolved "https://registry.yarnpkg.com/create-error-class/-/create-error-class-3.0.2.tgz#06be7abef947a3f14a30fd610671d401bca8b7b6"
    dependencies:
      capture-stack-trace "^1.0.0"
  
  cross-spawn@^5.0.1:
    version "5.1.0"
    resolved "https://registry.yarnpkg.com/cross-spawn/-/cross-spawn-5.1.0.tgz#e8bd0efee58fcff6f8f94510a0a554bbfa235449"
    dependencies:
      lru-cache "^4.0.1"
      shebang-command "^1.2.0"
      which "^1.2.9"
  
  cross-spawn@^6.0.0:
    version "6.0.5"
    resolved "https://registry.yarnpkg.com/cross-spawn/-/cross-spawn-6.0.5.tgz#4a5ec7c64dfae22c3a14124dbacdee846d80cbc4"
    dependencies:
      nice-try "^1.0.4"
      path-key "^2.0.1"
      semver "^5.5.0"
      shebang-command "^1.2.0"
      which "^1.2.9"
  
  crypto-random-string@^1.0.0:
    version "1.0.0"
    resolved "https://registry.yarnpkg.com/crypto-random-string/-/crypto-random-string-1.0.0.tgz#a230f64f568310e1498009940790ec99545bca7e"
  
  debug@2.6.9, debug@^2.1.2:
    version "2.6.9"
    resolved "https://registry.yarnpkg.com/debug/-/debug-2.6.9.tgz#5d128515df134ff327e90a4c93f4e077a536341f"
    dependencies:
      ms "2.0.0"
  
  debug@~2.2.0:
    version "2.2.0"
    resolved "https://registry.yarnpkg.com/debug/-/debug-2.2.0.tgz#f87057e995b1a1f6ae6a4960664137bc56f039da"
    dependencies:
      ms "0.7.1"
  
  deep-extend@^0.6.0:
    version "0.6.0"
    resolved "https://registry.yarnpkg.com/deep-extend/-/deep-extend-0.6.0.tgz#c4fa7c95404a17a9c3e8ca7e1537312b736330ac"
  
  defaults@^1.0.3:
    version "1.0.3"
    resolved "https://registry.yarnpkg.com/defaults/-/defaults-1.0.3.tgz#c656051e9817d9ff08ed881477f3fe4019f3ef7d"
    dependencies:
      clone "^1.0.2"
  
  del@^2.2.0:
    version "2.2.2"
    resolved "https://registry.yarnpkg.com/del/-/del-2.2.2.tgz#c12c981d067846c84bcaf862cff930d907ffd1a8"
    dependencies:
      globby "^5.0.0"
      is-path-cwd "^1.0.0"
      is-path-in-cwd "^1.0.0"
      object-assign "^4.0.1"
      pify "^2.0.0"
      pinkie-promise "^2.0.0"
      rimraf "^2.2.8"
  
  delegates@^1.0.0:
    version "1.0.0"
    resolved "https://registry.yarnpkg.com/delegates/-/delegates-1.0.0.tgz#84c6e159b81904fdca59a0ef44cd870d31250f9a"
  
  depd@~1.0.1:
    version "1.0.1"
    resolved "https://registry.yarnpkg.com/depd/-/depd-1.0.1.tgz#80aec64c9d6d97e65cc2a9caa93c0aa6abf73aaa"
  
  depd@~1.1.2:
    version "1.1.2"
    resolved "https://registry.yarnpkg.com/depd/-/depd-1.1.2.tgz#9bcd52e14c097763e749b274c4346ed2e560b5a9"
  
  destroy@~1.0.4:
    version "1.0.4"
    resolved "https://registry.yarnpkg.com/destroy/-/destroy-1.0.4.tgz#978857442c44749e4206613e37946205826abd80"
  
  detect-libc@^1.0.2:
    version "1.0.3"
    resolved "https://registry.yarnpkg.com/detect-libc/-/detect-libc-1.0.3.tgz#fa137c4bd698edf55cd5cd02ac559f91a4c4ba9b"
  
  dive@0.5.0:
    version "0.5.0"
    resolved "https://registry.yarnpkg.com/dive/-/dive-0.5.0.tgz#06d0e07edd25da849598bacab44d51f2809bec47"
  
  dot-prop@^4.1.0:
    version "4.2.0"
    resolved "https://registry.yarnpkg.com/dot-prop/-/dot-prop-4.2.0.tgz#1f19e0c2e1aa0e32797c49799f2837ac6af69c57"
    dependencies:
      is-obj "^1.0.0"
  
  duplexer3@^0.1.4:
    version "0.1.4"
    resolved "https://registry.yarnpkg.com/duplexer3/-/duplexer3-0.1.4.tgz#ee01dd1cac0ed3cbc7fdbea37dc0a8f1ce002ce2"
  
  duplexer@~0.1.1:
    version "0.1.1"
    resolved "https://registry.yarnpkg.com/duplexer/-/duplexer-0.1.1.tgz#ace6ff808c1ce66b57d1ebf97977acb02334cfc1"
  
  ee-first@1.1.1:
    version "1.1.1"
    resolved "https://registry.yarnpkg.com/ee-first/-/ee-first-1.1.1.tgz#590c61156b0ae2f4f0255732a158b266bc56b21d"
  
  emitter-mixin@0.0.3:
    version "0.0.3"
    resolved "https://registry.yarnpkg.com/emitter-mixin/-/emitter-mixin-0.0.3.tgz#5948cb286f2e48edc3b251a7cfc1f7883396d65c"
  
  encodeurl@~1.0.1, encodeurl@~1.0.2:
    version "1.0.2"
    resolved "https://registry.yarnpkg.com/encodeurl/-/encodeurl-1.0.2.tgz#ad3ff4c86ec2d029322f5a02c3a9a606c95b3f59"
  
  encoding@^0.1.11:
    version "0.1.12"
    resolved "https://registry.yarnpkg.com/encoding/-/encoding-0.1.12.tgz#538b66f3ee62cd1ab51ec323829d1f9480c74beb"
    dependencies:
      iconv-lite "~0.4.13"
  
  end-of-stream@^1.0.0:
    version "1.4.1"
    resolved "https://registry.yarnpkg.com/end-of-stream/-/end-of-stream-1.4.1.tgz#ed29634d19baba463b6ce6b80a37213eab71ec43"
    dependencies:
      once "^1.4.0"
  
  entities@~1.1.1:
    version "1.1.1"
    resolved "https://registry.yarnpkg.com/entities/-/entities-1.1.1.tgz#6e5c2d0a5621b5dadaecef80b90edfb5cd7772f0"
  
  errno@^0.1.2:
    version "0.1.7"
    resolved "https://registry.yarnpkg.com/errno/-/errno-0.1.7.tgz#4684d71779ad39af177e3f007996f7c67c852618"
    dependencies:
      prr "~1.0.1"
  
  escape-html@1.0.2:
    version "1.0.2"
    resolved "https://registry.yarnpkg.com/escape-html/-/escape-html-1.0.2.tgz#d77d32fa98e38c2f41ae85e9278e0e0e6ba1022c"
  
  escape-html@~1.0.3:
    version "1.0.3"
    resolved "https://registry.yarnpkg.com/escape-html/-/escape-html-1.0.3.tgz#0258eae4d3d0c0974de1c169188ef0051d1d1988"
  
  escape-string-regexp@^1.0.2, escape-string-regexp@^1.0.5:
    version "1.0.5"
    resolved "https://registry.yarnpkg.com/escape-string-regexp/-/escape-string-regexp-1.0.5.tgz#1b61c0562190a8dff6ae3bb2cf0200ca130b86d4"
  
  esprima@^2.6.0:
    version "2.7.3"
    resolved "https://registry.yarnpkg.com/esprima/-/esprima-2.7.3.tgz#96e3b70d5779f6ad49cd032673d1c312767ba581"
  
  etag@~1.8.1:
    version "1.8.1"
    resolved "https://registry.yarnpkg.com/etag/-/etag-1.8.1.tgz#41ae2eeb65efa62268aebfea83ac7d79299b0887"
  
  event-stream@3.3.4:
    version "3.3.4"
    resolved "http://registry.npmjs.org/event-stream/-/event-stream-3.3.4.tgz#4ab4c9a0f5a54db9338b4c34d86bfce8f4b35571"
    dependencies:
      duplexer "~0.1.1"
      from "~0"
      map-stream "~0.1.0"
      pause-stream "0.0.11"
      split "0.3"
      stream-combiner "~0.0.4"
      through "~2.3.1"
  
  execa@0.10.0:
    version "0.10.0"
    resolved "https://registry.yarnpkg.com/execa/-/execa-0.10.0.tgz#ff456a8f53f90f8eccc71a96d11bdfc7f082cb50"
    dependencies:
      cross-spawn "^6.0.0"
      get-stream "^3.0.0"
      is-stream "^1.1.0"
      npm-run-path "^2.0.0"
      p-finally "^1.0.0"
      signal-exit "^3.0.0"
      strip-eof "^1.0.0"
  
  execa@^0.7.0:
    version "0.7.0"
    resolved "https://registry.yarnpkg.com/execa/-/execa-0.7.0.tgz#944becd34cc41ee32a63a9faf27ad5a65fc59777"
    dependencies:
      cross-spawn "^5.0.1"
      get-stream "^3.0.0"
      is-stream "^1.1.0"
      npm-run-path "^2.0.0"
      p-finally "^1.0.0"
      signal-exit "^3.0.0"
      strip-eof "^1.0.0"
  
  expand-brackets@^0.1.4:
    version "0.1.5"
    resolved "https://registry.yarnpkg.com/expand-brackets/-/expand-brackets-0.1.5.tgz#df07284e342a807cd733ac5af72411e581d1177b"
    dependencies:
      is-posix-bracket "^0.1.0"
  
  expand-range@^1.8.1:
    version "1.8.2"
    resolved "https://registry.yarnpkg.com/expand-range/-/expand-range-1.8.2.tgz#a299effd335fe2721ebae8e257ec79644fc85337"
    dependencies:
      fill-range "^2.1.0"
  
  external-editor@^2.1.0:
    version "2.2.0"
    resolved "https://registry.yarnpkg.com/external-editor/-/external-editor-2.2.0.tgz#045511cfd8d133f3846673d1047c154e214ad3d5"
    dependencies:
      chardet "^0.4.0"
      iconv-lite "^0.4.17"
      tmp "^0.0.33"
  
  extglob@^0.3.1:
    version "0.3.2"
    resolved "https://registry.yarnpkg.com/extglob/-/extglob-0.3.2.tgz#2e18ff3d2f49ab2765cec9023f011daa8d8349a1"
    dependencies:
      is-extglob "^1.0.0"
  
  faye-websocket@0.11.x:
    version "0.11.1"
    resolved "https://registry.yarnpkg.com/faye-websocket/-/faye-websocket-0.11.1.tgz#f0efe18c4f56e4f40afc7e06c719fd5ee6188f38"
    dependencies:
      websocket-driver ">=0.5.1"
  
  figures@^2.0.0:
    version "2.0.0"
    resolved "https://registry.yarnpkg.com/figures/-/figures-2.0.0.tgz#3ab1a2d2a62c8bfb431a0c94cb797a2fce27c962"
    dependencies:
      escape-string-regexp "^1.0.5"
  
  filename-regex@^2.0.0:
    version "2.0.1"
    resolved "https://registry.yarnpkg.com/filename-regex/-/filename-regex-2.0.1.tgz#c1c4b9bee3e09725ddb106b75c1e301fe2f18b26"
  
  fill-range@^2.1.0:
    version "2.2.4"
    resolved "https://registry.yarnpkg.com/fill-range/-/fill-range-2.2.4.tgz#eb1e773abb056dcd8df2bfdf6af59b8b3a936565"
    dependencies:
      is-number "^2.1.0"
      isobject "^2.0.0"
      randomatic "^3.0.0"
      repeat-element "^1.1.2"
      repeat-string "^1.5.2"
  
  finalhandler@1.0.6:
    version "1.0.6"
    resolved "https://registry.yarnpkg.com/finalhandler/-/finalhandler-1.0.6.tgz#007aea33d1a4d3e42017f624848ad58d212f814f"
    dependencies:
      debug "2.6.9"
      encodeurl "~1.0.1"
      escape-html "~1.0.3"
      on-finished "~2.3.0"
      parseurl "~1.3.2"
      statuses "~1.3.1"
      unpipe "~1.0.0"
  
  for-in@^1.0.1:
    version "1.0.2"
    resolved "https://registry.yarnpkg.com/for-in/-/for-in-1.0.2.tgz#81068d295a8142ec0ac726c6e2200c30fb6d5e80"
  
  for-own@^0.1.4:
    version "0.1.5"
    resolved "https://registry.yarnpkg.com/for-own/-/for-own-0.1.5.tgz#5265c681a4f294dabbf17c9509b6763aa84510ce"
    dependencies:
      for-in "^1.0.1"
  
  fresh@0.5.2:
    version "0.5.2"
    resolved "https://registry.yarnpkg.com/fresh/-/fresh-0.5.2.tgz#3d8cadd90d976569fa835ab1f8e4b23a105605a7"
  
  from@~0:
    version "0.1.7"
    resolved "https://registry.yarnpkg.com/from/-/from-0.1.7.tgz#83c60afc58b9c56997007ed1a768b3ab303a44fe"
  
  fs-constants@^1.0.0:
    version "1.0.0"
    resolved "https://registry.yarnpkg.com/fs-constants/-/fs-constants-1.0.0.tgz#6be0de9be998ce16af8afc24497b9ee9b7ccd9ad"
  
  fs-extra@0.30.0:
    version "0.30.0"
    resolved "https://registry.yarnpkg.com/fs-extra/-/fs-extra-0.30.0.tgz#f233ffcc08d4da7d432daa449776989db1df93f0"
    dependencies:
      graceful-fs "^4.1.2"
      jsonfile "^2.1.0"
      klaw "^1.0.0"
      path-is-absolute "^1.0.0"
      rimraf "^2.2.8"
  
  fs-extra@5.0.0:
    version "5.0.0"
    resolved "https://registry.yarnpkg.com/fs-extra/-/fs-extra-5.0.0.tgz#414d0110cdd06705734d055652c5411260c31abd"
    dependencies:
      graceful-fs "^4.1.2"
      jsonfile "^4.0.0"
      universalify "^0.1.0"
  
  fs-extra@6.0.1:
    version "6.0.1"
    resolved "https://registry.yarnpkg.com/fs-extra/-/fs-extra-6.0.1.tgz#8abc128f7946e310135ddc93b98bddb410e7a34b"
    dependencies:
      graceful-fs "^4.1.2"
      jsonfile "^4.0.0"
      universalify "^0.1.0"
  
  fs-minipass@^1.2.5:
    version "1.2.5"
    resolved "https://registry.yarnpkg.com/fs-minipass/-/fs-minipass-1.2.5.tgz#06c277218454ec288df77ada54a03b8702aacb9d"
    dependencies:
      minipass "^2.2.1"
  
  fs.realpath@^1.0.0:
    version "1.0.0"
    resolved "https://registry.yarnpkg.com/fs.realpath/-/fs.realpath-1.0.0.tgz#1504ad2523158caa40db4a2787cb01411994ea4f"
  
  fsevents@^1.0.0:
    version "1.2.4"
    resolved "https://registry.yarnpkg.com/fsevents/-/fsevents-1.2.4.tgz#f41dcb1af2582af3692da36fc55cbd8e1041c426"
    dependencies:
      nan "^2.9.2"
      node-pre-gyp "^0.10.0"
  
  gauge@~2.7.3:
    version "2.7.4"
    resolved "https://registry.yarnpkg.com/gauge/-/gauge-2.7.4.tgz#2c03405c7538c39d7eb37b317022e325fb018bf7"
    dependencies:
      aproba "^1.0.3"
      console-control-strings "^1.0.0"
      has-unicode "^2.0.0"
      object-assign "^4.1.0"
      signal-exit "^3.0.0"
      string-width "^1.0.1"
      strip-ansi "^3.0.1"
      wide-align "^1.1.0"
  
  get-stream@^3.0.0:
    version "3.0.0"
    resolved "https://registry.yarnpkg.com/get-stream/-/get-stream-3.0.0.tgz#8e943d1358dc37555054ecbe2edb05aa174ede14"
  
  glob-base@^0.3.0:
    version "0.3.0"
    resolved "https://registry.yarnpkg.com/glob-base/-/glob-base-0.3.0.tgz#dbb164f6221b1c0b1ccf82aea328b497df0ea3c4"
    dependencies:
      glob-parent "^2.0.0"
      is-glob "^2.0.0"
  
  glob-parent@^2.0.0:
    version "2.0.0"
    resolved "https://registry.yarnpkg.com/glob-parent/-/glob-parent-2.0.0.tgz#81383d72db054fcccf5336daa902f182f6edbb28"
    dependencies:
      is-glob "^2.0.0"
  
  glob@7.0.0:
    version "7.0.0"
    resolved "https://registry.yarnpkg.com/glob/-/glob-7.0.0.tgz#3b20a357fffcf46bb384aed6f8ae9a647fdb6ac4"
    dependencies:
      inflight "^1.0.4"
      inherits "2"
      minimatch "2 || 3"
      once "^1.3.0"
      path-is-absolute "^1.0.0"
  
  glob@7.1.2, glob@^7.0.0, glob@^7.0.3, glob@^7.0.5:
    version "7.1.2"
    resolved "https://registry.yarnpkg.com/glob/-/glob-7.1.2.tgz#c19c9df9a028702d678612384a6552404c636d15"
    dependencies:
      fs.realpath "^1.0.0"
      inflight "^1.0.4"
      inherits "2"
      minimatch "^3.0.4"
      once "^1.3.0"
      path-is-absolute "^1.0.0"
  
  globby@^5.0.0:
    version "5.0.0"
    resolved "https://registry.yarnpkg.com/globby/-/globby-5.0.0.tgz#ebd84667ca0dbb330b99bcfc68eac2bc54370e0d"
    dependencies:
      array-union "^1.0.1"
      arrify "^1.0.0"
      glob "^7.0.3"
      object-assign "^4.0.1"
      pify "^2.0.0"
      pinkie-promise "^2.0.0"
  
  got@^6.7.1:
    version "6.7.1"
    resolved "https://registry.yarnpkg.com/got/-/got-6.7.1.tgz#240cd05785a9a18e561dc1b44b41c763ef1e8db0"
    dependencies:
      create-error-class "^3.0.0"
      duplexer3 "^0.1.4"
      get-stream "^3.0.0"
      is-redirect "^1.0.0"
      is-retry-allowed "^1.0.0"
      is-stream "^1.0.0"
      lowercase-keys "^1.0.0"
      safe-buffer "^5.0.1"
      timed-out "^4.0.0"
      unzip-response "^2.0.1"
      url-parse-lax "^1.0.0"
  
  graceful-fs@^4.1.0, graceful-fs@^4.1.11, graceful-fs@^4.1.2, graceful-fs@^4.1.4, graceful-fs@^4.1.6, graceful-fs@^4.1.9:
    version "4.1.11"
    resolved "https://registry.yarnpkg.com/graceful-fs/-/graceful-fs-4.1.11.tgz#0e8bdfe4d1ddb8854d64e04ea7c00e2a026e5658"
  
  graphlib@2.1.1:
    version "2.1.1"
    resolved "https://registry.yarnpkg.com/graphlib/-/graphlib-2.1.1.tgz#42352c52ba2f4d035cb566eb91f7395f76ebc951"
    dependencies:
      lodash "^4.11.1"
  
  has-ansi@^2.0.0:
    version "2.0.0"
    resolved "https://registry.yarnpkg.com/has-ansi/-/has-ansi-2.0.0.tgz#34f5049ce1ecdf2b0649af3ef24e45ed35416d91"
    dependencies:
      ansi-regex "^2.0.0"
  
  has-flag@^3.0.0:
    version "3.0.0"
    resolved "https://registry.yarnpkg.com/has-flag/-/has-flag-3.0.0.tgz#b5d454dc2199ae225699f3467e5a07f3b955bafd"
  
  has-unicode@^2.0.0:
    version "2.0.1"
    resolved "https://registry.yarnpkg.com/has-unicode/-/has-unicode-2.0.1.tgz#e0e6fe6a28cf51138855e086d1691e771de2a8b9"
  
  has-yarn@1.0.0:
    version "1.0.0"
    resolved "https://registry.yarnpkg.com/has-yarn/-/has-yarn-1.0.0.tgz#89e25db604b725c8f5976fff0addc921b828a5a7"
  
  http-auth@3.2.x:
    version "3.2.3"
    resolved "https://registry.yarnpkg.com/http-auth/-/http-auth-3.2.3.tgz#636842b71d6e1f2c98dba09af54417a1fef8b61c"
    dependencies:
      apache-crypt "^1.1.2"
      apache-md5 "^1.0.6"
      bcryptjs "^2.3.0"
      uuid "^3.0.0"
  
  http-errors@~1.3.1:
    version "1.3.1"
    resolved "https://registry.yarnpkg.com/http-errors/-/http-errors-1.3.1.tgz#197e22cdebd4198585e8694ef6786197b91ed942"
    dependencies:
      inherits "~2.0.1"
      statuses "1"
  
  http-errors@~1.6.2:
    version "1.6.3"
    resolved "https://registry.yarnpkg.com/http-errors/-/http-errors-1.6.3.tgz#8b55680bb4be283a0b5bf4ea2e38580be1d9320d"
    dependencies:
      depd "~1.1.2"
      inherits "2.0.3"
      setprototypeof "1.1.0"
      statuses ">= 1.4.0 < 2"
  
  http-parser-js@>=0.4.0:
    version "0.4.13"
    resolved "https://registry.yarnpkg.com/http-parser-js/-/http-parser-js-0.4.13.tgz#3bd6d6fde6e3172c9334c3b33b6c193d80fe1137"
  
  iconv-lite@^0.4.17, iconv-lite@^0.4.4, iconv-lite@~0.4.13:
    version "0.4.23"
    resolved "https://registry.yarnpkg.com/iconv-lite/-/iconv-lite-0.4.23.tgz#297871f63be507adcfbfca715d0cd0eed84e9a63"
    dependencies:
      safer-buffer ">= 2.1.2 < 3"
  
  ieee754@^1.1.4:
    version "1.1.12"
    resolved "https://registry.yarnpkg.com/ieee754/-/ieee754-1.1.12.tgz#50bf24e5b9c8bb98af4964c941cdb0918da7b60b"
  
  ignore-walk@^3.0.1:
    version "3.0.1"
    resolved "https://registry.yarnpkg.com/ignore-walk/-/ignore-walk-3.0.1.tgz#a83e62e7d272ac0e3b551aaa82831a19b69f82f8"
    dependencies:
      minimatch "^3.0.4"
  
  import-lazy@^2.1.0:
    version "2.1.0"
    resolved "https://registry.yarnpkg.com/import-lazy/-/import-lazy-2.1.0.tgz#05698e3d45c88e8d7e9d92cb0584e77f096f3e43"
  
  imurmurhash@^0.1.4:
    version "0.1.4"
    resolved "https://registry.yarnpkg.com/imurmurhash/-/imurmurhash-0.1.4.tgz#9218b9b2b928a238b13dc4fb6b6d576f231453ea"
  
  inflight@^1.0.4:
    version "1.0.6"
    resolved "https://registry.yarnpkg.com/inflight/-/inflight-1.0.6.tgz#49bd6331d7d02d0c09bc910a1075ba8165b56df9"
    dependencies:
      once "^1.3.0"
      wrappy "1"
  
  inherits@2, inherits@2.0.3, inherits@^2.0.1, inherits@~2.0.1, inherits@~2.0.3:
    version "2.0.3"
    resolved "https://registry.yarnpkg.com/inherits/-/inherits-2.0.3.tgz#633c2c83e3da42a502f52466022480f4208261de"
  
  ini@^1.3.4, ini@~1.3.0:
    version "1.3.5"
    resolved "https://registry.yarnpkg.com/ini/-/ini-1.3.5.tgz#eee25f56db1c9ec6085e0c22778083f596abf927"
  
  inquirer@5.1.0:
    version "5.1.0"
    resolved "https://registry.yarnpkg.com/inquirer/-/inquirer-5.1.0.tgz#19da508931892328abbbdd4c477f1efc65abfd67"
    dependencies:
      ansi-escapes "^3.0.0"
      chalk "^2.0.0"
      cli-cursor "^2.1.0"
      cli-width "^2.0.0"
      external-editor "^2.1.0"
      figures "^2.0.0"
      lodash "^4.3.0"
      mute-stream "0.0.7"
      run-async "^2.2.0"
      rxjs "^5.5.2"
      string-width "^2.1.0"
      strip-ansi "^4.0.0"
      through "^2.3.6"
  
  is-binary-path@^1.0.0:
    version "1.0.1"
    resolved "https://registry.yarnpkg.com/is-binary-path/-/is-binary-path-1.0.1.tgz#75f16642b480f187a711c814161fd3a4a7655898"
    dependencies:
      binary-extensions "^1.0.0"
  
  is-buffer@^1.1.5:
    version "1.1.6"
    resolved "https://registry.yarnpkg.com/is-buffer/-/is-buffer-1.1.6.tgz#efaa2ea9daa0d7ab2ea13a97b2b8ad51fefbe8be"
  
  is-dotfile@^1.0.0:
    version "1.0.3"
    resolved "https://registry.yarnpkg.com/is-dotfile/-/is-dotfile-1.0.3.tgz#a6a2f32ffd2dfb04f5ca25ecd0f6b83cf798a1e1"
  
  is-equal-shallow@^0.1.3:
    version "0.1.3"
    resolved "https://registry.yarnpkg.com/is-equal-shallow/-/is-equal-shallow-0.1.3.tgz#2238098fc221de0bcfa5d9eac4c45d638aa1c534"
    dependencies:
      is-primitive "^2.0.0"
  
  is-extendable@^0.1.1:
    version "0.1.1"
    resolved "https://registry.yarnpkg.com/is-extendable/-/is-extendable-0.1.1.tgz#62b110e289a471418e3ec36a617d472e301dfc89"
  
  is-extglob@^1.0.0:
    version "1.0.0"
    resolved "https://registry.yarnpkg.com/is-extglob/-/is-extglob-1.0.0.tgz#ac468177c4943405a092fc8f29760c6ffc6206c0"
  
  is-fullwidth-code-point@^1.0.0:
    version "1.0.0"
    resolved "https://registry.yarnpkg.com/is-fullwidth-code-point/-/is-fullwidth-code-point-1.0.0.tgz#ef9e31386f031a7f0d643af82fde50c457ef00cb"
    dependencies:
      number-is-nan "^1.0.0"
  
  is-fullwidth-code-point@^2.0.0:
    version "2.0.0"
    resolved "https://registry.yarnpkg.com/is-fullwidth-code-point/-/is-fullwidth-code-point-2.0.0.tgz#a3b30a5c4f199183167aaab93beefae3ddfb654f"
  
  is-glob@^2.0.0, is-glob@^2.0.1:
    version "2.0.1"
    resolved "https://registry.yarnpkg.com/is-glob/-/is-glob-2.0.1.tgz#d096f926a3ded5600f3fdfd91198cb0888c2d863"
    dependencies:
      is-extglob "^1.0.0"
  
  is-npm@^1.0.0:
    version "1.0.0"
    resolved "https://registry.yarnpkg.com/is-npm/-/is-npm-1.0.0.tgz#f2fb63a65e4905b406c86072765a1a4dc793b9f4"
  
  is-number@^2.1.0:
    version "2.1.0"
    resolved "https://registry.yarnpkg.com/is-number/-/is-number-2.1.0.tgz#01fcbbb393463a548f2f466cce16dece49db908f"
    dependencies:
      kind-of "^3.0.2"
  
  is-number@^4.0.0:
    version "4.0.0"
    resolved "https://registry.yarnpkg.com/is-number/-/is-number-4.0.0.tgz#0026e37f5454d73e356dfe6564699867c6a7f0ff"
  
  is-obj@^1.0.0:
    version "1.0.1"
    resolved "https://registry.yarnpkg.com/is-obj/-/is-obj-1.0.1.tgz#3e4729ac1f5fde025cd7d83a896dab9f4f67db0f"
  
  is-path-cwd@^1.0.0:
    version "1.0.0"
    resolved "https://registry.yarnpkg.com/is-path-cwd/-/is-path-cwd-1.0.0.tgz#d225ec23132e89edd38fda767472e62e65f1106d"
  
  is-path-in-cwd@^1.0.0:
    version "1.0.1"
    resolved "https://registry.yarnpkg.com/is-path-in-cwd/-/is-path-in-cwd-1.0.1.tgz#5ac48b345ef675339bd6c7a48a912110b241cf52"
    dependencies:
      is-path-inside "^1.0.0"
  
  is-path-inside@^1.0.0:
    version "1.0.1"
    resolved "https://registry.yarnpkg.com/is-path-inside/-/is-path-inside-1.0.1.tgz#8ef5b7de50437a3fdca6b4e865ef7aa55cb48036"
    dependencies:
      path-is-inside "^1.0.1"
  
  is-posix-bracket@^0.1.0:
    version "0.1.1"
    resolved "https://registry.yarnpkg.com/is-posix-bracket/-/is-posix-bracket-0.1.1.tgz#3334dc79774368e92f016e6fbc0a88f5cd6e6bc4"
  
  is-primitive@^2.0.0:
    version "2.0.0"
    resolved "https://registry.yarnpkg.com/is-primitive/-/is-primitive-2.0.0.tgz#207bab91638499c07b2adf240a41a87210034575"
  
  is-promise@^2.1.0:
    version "2.1.0"
    resolved "https://registry.yarnpkg.com/is-promise/-/is-promise-2.1.0.tgz#79a2a9ece7f096e80f36d2b2f3bc16c1ff4bf3fa"
  
  is-redirect@^1.0.0:
    version "1.0.0"
    resolved "https://registry.yarnpkg.com/is-redirect/-/is-redirect-1.0.0.tgz#1d03dded53bd8db0f30c26e4f95d36fc7c87dc24"
  
  is-retry-allowed@^1.0.0:
    version "1.1.0"
    resolved "https://registry.yarnpkg.com/is-retry-allowed/-/is-retry-allowed-1.1.0.tgz#11a060568b67339444033d0125a61a20d564fb34"
  
  is-stream@^1.0.0, is-stream@^1.0.1, is-stream@^1.1.0:
    version "1.1.0"
    resolved "https://registry.yarnpkg.com/is-stream/-/is-stream-1.1.0.tgz#12d4a3dd4e68e0b79ceb8dbc84173ae80d91ca44"
  
  is-wsl@^1.1.0:
    version "1.1.0"
    resolved "https://registry.yarnpkg.com/is-wsl/-/is-wsl-1.1.0.tgz#1f16e4aa22b04d1336b66188a66af3c600c3a66d"
  
  isarray@1.0.0, isarray@~1.0.0:
    version "1.0.0"
    resolved "https://registry.yarnpkg.com/isarray/-/isarray-1.0.0.tgz#bb935d48582cba168c06834957a54a3e07124f11"
  
  isexe@^2.0.0:
    version "2.0.0"
    resolved "https://registry.yarnpkg.com/isexe/-/isexe-2.0.0.tgz#e8fbf374dc556ff8947a10dcb0572d633f2cfa10"
  
  isobject@^2.0.0:
    version "2.1.0"
    resolved "https://registry.yarnpkg.com/isobject/-/isobject-2.1.0.tgz#f065561096a3f1da2ef46272f815c840d87e0c89"
    dependencies:
      isarray "1.0.0"
  
  js-beautify@1.6.3:
    version "1.6.3"
    resolved "https://registry.yarnpkg.com/js-beautify/-/js-beautify-1.6.3.tgz#d7f1eb515cec16c99f0d74bff5fd6f9767f24a37"
    dependencies:
      config-chain "~1.1.5"
      mkdirp "~0.5.0"
      nopt "~3.0.1"
  
  js-yaml@3.6.1:
    version "3.6.1"
    resolved "https://registry.yarnpkg.com/js-yaml/-/js-yaml-3.6.1.tgz#6e5fe67d8b205ce4d22fad05b7781e8dadcc4b30"
    dependencies:
      argparse "^1.0.7"
      esprima "^2.6.0"
  
  jsonfile@^2.1.0:
    version "2.4.0"
    resolved "https://registry.yarnpkg.com/jsonfile/-/jsonfile-2.4.0.tgz#3736a2b428b87bbda0cc83b53fa3d633a35c2ae8"
    optionalDependencies:
      graceful-fs "^4.1.6"
  
  jsonfile@^4.0.0:
    version "4.0.0"
    resolved "https://registry.yarnpkg.com/jsonfile/-/jsonfile-4.0.0.tgz#8771aae0799b64076b76640fca058f9c10e33ecb"
    optionalDependencies:
      graceful-fs "^4.1.6"
  
  junk@^1.0.1:
    version "1.0.3"
    resolved "https://registry.yarnpkg.com/junk/-/junk-1.0.3.tgz#87be63488649cbdca6f53ab39bec9ccd2347f592"
  
  kind-of@^3.0.2:
    version "3.2.2"
    resolved "https://registry.yarnpkg.com/kind-of/-/kind-of-3.2.2.tgz#31ea21a734bab9bbb0f32466d893aea51e4a3c64"
    dependencies:
      is-buffer "^1.1.5"
  
  kind-of@^6.0.0:
    version "6.0.2"
    resolved "https://registry.yarnpkg.com/kind-of/-/kind-of-6.0.2.tgz#01146b36a6218e64e58f3a8d66de5d7fc6f6d051"
  
  klaw@^1.0.0:
    version "1.3.1"
    resolved "https://registry.yarnpkg.com/klaw/-/klaw-1.3.1.tgz#4088433b46b3b1ba259d78785d8e96f73ba02439"
    optionalDependencies:
      graceful-fs "^4.1.9"
  
  latest-version@^3.0.0:
    version "3.1.0"
    resolved "https://registry.yarnpkg.com/latest-version/-/latest-version-3.1.0.tgz#a205383fea322b33b5ae3b18abee0dc2f356ee15"
    dependencies:
      package-json "^4.0.0"
  
  lazystream@^1.0.0:
    version "1.0.0"
    resolved "https://registry.yarnpkg.com/lazystream/-/lazystream-1.0.0.tgz#f6995fe0f820392f61396be89462407bb77168e4"
    dependencies:
      readable-stream "^2.0.5"
  
  linkify-it@~1.2.0:
    version "1.2.4"
    resolved "https://registry.yarnpkg.com/linkify-it/-/linkify-it-1.2.4.tgz#0773526c317c8fd13bd534ee1d180ff88abf881a"
    dependencies:
      uc.micro "^1.0.1"
  
  lodash@4.17.10, lodash@^4.11.1, lodash@^4.17.10, lodash@^4.3.0, lodash@^4.8.0:
    version "4.17.10"
    resolved "https://registry.yarnpkg.com/lodash/-/lodash-4.17.10.tgz#1b7793cf7259ea38fb3661d4d38b3260af8ae4e7"
  
  lodash@4.17.5:
    version "4.17.5"
    resolved "https://registry.yarnpkg.com/lodash/-/lodash-4.17.5.tgz#99a92d65c0272debe8c96b6057bc8fbfa3bed511"
  
  log-symbols@^2.2.0:
    version "2.2.0"
    resolved "https://registry.yarnpkg.com/log-symbols/-/log-symbols-2.2.0.tgz#5740e1c5d6f0dfda4ad9323b5332107ef6b4c40a"
    dependencies:
      chalk "^2.0.1"
  
  lowercase-keys@^1.0.0:
    version "1.0.1"
    resolved "https://registry.yarnpkg.com/lowercase-keys/-/lowercase-keys-1.0.1.tgz#6f9e30b47084d971a7c820ff15a6c5167b74c26f"
  
  lru-cache@^4.0.1:
    version "4.1.3"
    resolved "https://registry.yarnpkg.com/lru-cache/-/lru-cache-4.1.3.tgz#a1175cf3496dfc8436c156c334b4955992bce69c"
    dependencies:
      pseudomap "^1.0.2"
      yallist "^2.1.2"
  
  make-dir@^1.0.0:
    version "1.3.0"
    resolved "https://registry.yarnpkg.com/make-dir/-/make-dir-1.3.0.tgz#79c1033b80515bd6d24ec9933e860ca75ee27f0c"
    dependencies:
      pify "^3.0.0"
  
  map-stream@~0.1.0:
    version "0.1.0"
    resolved "https://registry.yarnpkg.com/map-stream/-/map-stream-0.1.0.tgz#e56aa94c4c8055a16404a0674b78f215f7c8e194"
  
  markdown-it@6.0.1:
    version "6.0.1"
    resolved "https://registry.yarnpkg.com/markdown-it/-/markdown-it-6.0.1.tgz#94a6b254cf4e620bad2b226274bfeed95af1c7c5"
    dependencies:
      argparse "^1.0.7"
      entities "~1.1.1"
      linkify-it "~1.2.0"
      mdurl "~1.0.1"
      uc.micro "^1.0.0"
  
  math-random@^1.0.1:
    version "1.0.1"
    resolved "https://registry.yarnpkg.com/math-random/-/math-random-1.0.1.tgz#8b3aac588b8a66e4975e3cdea67f7bb329601fac"
  
  maximatch@^0.1.0:
    version "0.1.0"
    resolved "https://registry.yarnpkg.com/maximatch/-/maximatch-0.1.0.tgz#86cd8d6b04c9f307c05a6b9419906d0360fb13a2"
    dependencies:
      array-differ "^1.0.0"
      array-union "^1.0.1"
      arrify "^1.0.0"
      minimatch "^3.0.0"
  
  mdurl@~1.0.1:
    version "1.0.1"
    resolved "https://registry.yarnpkg.com/mdurl/-/mdurl-1.0.1.tgz#fe85b2ec75a59037f2adfec100fd6c601761152e"
  
  micromatch@^2.1.5:
    version "2.3.11"
    resolved "https://registry.yarnpkg.com/micromatch/-/micromatch-2.3.11.tgz#86677c97d1720b363431d04d0d15293bd38c1565"
    dependencies:
      arr-diff "^2.0.0"
      array-unique "^0.2.1"
      braces "^1.8.2"
      expand-brackets "^0.1.4"
      extglob "^0.3.1"
      filename-regex "^2.0.0"
      is-extglob "^1.0.0"
      is-glob "^2.0.1"
      kind-of "^3.0.2"
      normalize-path "^2.0.1"
      object.omit "^2.0.0"
      parse-glob "^3.0.4"
      regex-cache "^0.4.2"
  
  mime-db@~1.35.0:
    version "1.35.0"
    resolved "https://registry.yarnpkg.com/mime-db/-/mime-db-1.35.0.tgz#0569d657466491283709663ad379a99b90d9ab47"
  
  mime-types@~2.1.4, mime-types@~2.1.6:
    version "2.1.19"
    resolved "https://registry.yarnpkg.com/mime-types/-/mime-types-2.1.19.tgz#71e464537a7ef81c15f2db9d97e913fc0ff606f0"
    dependencies:
      mime-db "~1.35.0"
  
  mime@1.4.1:
    version "1.4.1"
    resolved "https://registry.yarnpkg.com/mime/-/mime-1.4.1.tgz#121f9ebc49e3766f311a76e1fa1c8003c4b03aa6"
  
  mimic-fn@^1.0.0:
    version "1.2.0"
    resolved "https://registry.yarnpkg.com/mimic-fn/-/mimic-fn-1.2.0.tgz#820c86a39334640e99516928bd03fca88057d022"
  
  "minimatch@2 || 3", minimatch@^3.0.0, minimatch@^3.0.2, minimatch@^3.0.4:
    version "3.0.4"
    resolved "https://registry.yarnpkg.com/minimatch/-/minimatch-3.0.4.tgz#5166e286457f03306064be5497e8dbb0c3d32083"
    dependencies:
      brace-expansion "^1.1.7"
  
  minimist@0.0.8:
    version "0.0.8"
    resolved "https://registry.yarnpkg.com/minimist/-/minimist-0.0.8.tgz#857fcabfc3397d2625b8228262e86aa7a011b05d"
  
  minimist@^1.2.0:
    version "1.2.0"
    resolved "https://registry.yarnpkg.com/minimist/-/minimist-1.2.0.tgz#a35008b20f41383eec1fb914f4cd5df79a264284"
  
  minipass@^2.2.1, minipass@^2.3.3:
    version "2.3.3"
    resolved "https://registry.yarnpkg.com/minipass/-/minipass-2.3.3.tgz#a7dcc8b7b833f5d368759cce544dccb55f50f233"
    dependencies:
      safe-buffer "^5.1.2"
      yallist "^3.0.0"
  
  minizlib@^1.1.0:
    version "1.1.0"
    resolved "https://registry.yarnpkg.com/minizlib/-/minizlib-1.1.0.tgz#11e13658ce46bc3a70a267aac58359d1e0c29ceb"
    dependencies:
      minipass "^2.2.1"
  
  mkdirp@^0.5.0, mkdirp@^0.5.1, mkdirp@~0.5.0:
    version "0.5.1"
    resolved "https://registry.yarnpkg.com/mkdirp/-/mkdirp-0.5.1.tgz#30057438eac6cf7f8c4767f38648d6697d75c903"
    dependencies:
      minimist "0.0.8"
  
  morgan@1.6.1:
    version "1.6.1"
    resolved "https://registry.yarnpkg.com/morgan/-/morgan-1.6.1.tgz#5fd818398c6819cba28a7cd6664f292fe1c0bbf2"
    dependencies:
      basic-auth "~1.0.3"
      debug "~2.2.0"
      depd "~1.0.1"
      on-finished "~2.3.0"
      on-headers "~1.0.0"
  
  ms@0.7.1:
    version "0.7.1"
    resolved "https://registry.yarnpkg.com/ms/-/ms-0.7.1.tgz#9cd13c03adbff25b65effde7ce864ee952017098"
  
  ms@2.0.0:
    version "2.0.0"
    resolved "https://registry.yarnpkg.com/ms/-/ms-2.0.0.tgz#5608aeadfc00be6c2901df5f9861788de0d597c8"
  
  mustache@2.2.0:
    version "2.2.0"
    resolved "https://registry.yarnpkg.com/mustache/-/mustache-2.2.0.tgz#d29813b499b8067712b503347eac342c616727c7"
  
  mute-stream@0.0.7:
    version "0.0.7"
    resolved "https://registry.yarnpkg.com/mute-stream/-/mute-stream-0.0.7.tgz#3075ce93bc21b8fab43e1bc4da7e8115ed1e7bab"
  
  nan@^2.9.2:
    version "2.10.0"
    resolved "https://registry.yarnpkg.com/nan/-/nan-2.10.0.tgz#96d0cd610ebd58d4b4de9cc0c6828cda99c7548f"
  
  needle@^2.2.1:
    version "2.2.1"
    resolved "https://registry.yarnpkg.com/needle/-/needle-2.2.1.tgz#b5e325bd3aae8c2678902fa296f729455d1d3a7d"
    dependencies:
      debug "^2.1.2"
      iconv-lite "^0.4.4"
      sax "^1.2.4"
  
  negotiator@0.5.3:
    version "0.5.3"
    resolved "https://registry.yarnpkg.com/negotiator/-/negotiator-0.5.3.tgz#269d5c476810ec92edbe7b6c2f28316384f9a7e8"
  
  nice-try@^1.0.4:
    version "1.0.4"
    resolved "https://registry.yarnpkg.com/nice-try/-/nice-try-1.0.4.tgz#d93962f6c52f2c1558c0fbda6d512819f1efe1c4"
  
  node-fetch@1.6.0:
    version "1.6.0"
    resolved "https://registry.yarnpkg.com/node-fetch/-/node-fetch-1.6.0.tgz#00ccd811c657aee9e2f0d79fd2256fbcffd733a2"
    dependencies:
      encoding "^0.1.11"
      is-stream "^1.0.1"
  
  node-pre-gyp@^0.10.0:
    version "0.10.3"
    resolved "https://registry.yarnpkg.com/node-pre-gyp/-/node-pre-gyp-0.10.3.tgz#3070040716afdc778747b61b6887bf78880b80fc"
    dependencies:
      detect-libc "^1.0.2"
      mkdirp "^0.5.1"
      needle "^2.2.1"
      nopt "^4.0.1"
      npm-packlist "^1.1.6"
      npmlog "^4.0.2"
      rc "^1.2.7"
      rimraf "^2.6.1"
      semver "^5.3.0"
      tar "^4"
  
  nopt@^4.0.1:
    version "4.0.1"
    resolved "https://registry.yarnpkg.com/nopt/-/nopt-4.0.1.tgz#d0d4685afd5415193c8c7505602d0d17cd64474d"
    dependencies:
      abbrev "1"
      osenv "^0.1.4"
  
  nopt@~3.0.1:
    version "3.0.6"
    resolved "https://registry.yarnpkg.com/nopt/-/nopt-3.0.6.tgz#c6465dbf08abcd4db359317f79ac68a646b28ff9"
    dependencies:
      abbrev "1"
  
  normalize-path@^2.0.0, normalize-path@^2.0.1:
    version "2.1.1"
    resolved "https://registry.yarnpkg.com/normalize-path/-/normalize-path-2.1.1.tgz#1ab28b556e198363a8c1a6f7e6fa20137fe6aed9"
    dependencies:
      remove-trailing-separator "^1.0.1"
  
  npm-bundled@^1.0.1:
    version "1.0.3"
    resolved "https://registry.yarnpkg.com/npm-bundled/-/npm-bundled-1.0.3.tgz#7e71703d973af3370a9591bafe3a63aca0be2308"
  
  npm-packlist@^1.1.6:
    version "1.1.11"
    resolved "https://registry.yarnpkg.com/npm-packlist/-/npm-packlist-1.1.11.tgz#84e8c683cbe7867d34b1d357d893ce29e28a02de"
    dependencies:
      ignore-walk "^3.0.1"
      npm-bundled "^1.0.1"
  
  npm-run-path@^2.0.0:
    version "2.0.2"
    resolved "https://registry.yarnpkg.com/npm-run-path/-/npm-run-path-2.0.2.tgz#35a9232dfa35d7067b4cb2ddf2357b1871536c5f"
    dependencies:
      path-key "^2.0.0"
  
  npmlog@^4.0.2:
    version "4.1.2"
    resolved "https://registry.yarnpkg.com/npmlog/-/npmlog-4.1.2.tgz#08a7f2a8bf734604779a9efa4ad5cc717abb954b"
    dependencies:
      are-we-there-yet "~1.1.2"
      console-control-strings "~1.1.0"
      gauge "~2.7.3"
      set-blocking "~2.0.0"
  
  number-is-nan@^1.0.0:
    version "1.0.1"
    resolved "https://registry.yarnpkg.com/number-is-nan/-/number-is-nan-1.0.1.tgz#097b602b53422a522c1afb8790318336941a011d"
  
  object-assign@4.1.1, object-assign@^4, object-assign@^4.0.1, object-assign@^4.1.0:
    version "4.1.1"
    resolved "https://registry.yarnpkg.com/object-assign/-/object-assign-4.1.1.tgz#2109adc7965887cfc05cbbd442cac8bfbb360863"
  
  object.omit@^2.0.0:
    version "2.0.1"
    resolved "https://registry.yarnpkg.com/object.omit/-/object.omit-2.0.1.tgz#1a9c744829f39dbb858c76ca3579ae2a54ebd1fa"
    dependencies:
      for-own "^0.1.4"
      is-extendable "^0.1.1"
  
  on-finished@~2.3.0:
    version "2.3.0"
    resolved "https://registry.yarnpkg.com/on-finished/-/on-finished-2.3.0.tgz#20f1336481b083cd75337992a16971aa2d906947"
    dependencies:
      ee-first "1.1.1"
  
  on-headers@~1.0.0:
    version "1.0.1"
    resolved "https://registry.yarnpkg.com/on-headers/-/on-headers-1.0.1.tgz#928f5d0f470d49342651ea6794b0857c100693f7"
  
  once@^1.3.0, once@^1.4.0:
    version "1.4.0"
    resolved "https://registry.yarnpkg.com/once/-/once-1.4.0.tgz#583b1aa775961d4b113ac17d9c50baef9dd76bd1"
    dependencies:
      wrappy "1"
  
  onetime@^2.0.0:
    version "2.0.1"
    resolved "https://registry.yarnpkg.com/onetime/-/onetime-2.0.1.tgz#067428230fd67443b2794b22bba528b6867962d4"
    dependencies:
      mimic-fn "^1.0.0"
  
  opn@5.3.0:
    version "5.3.0"
    resolved "https://registry.yarnpkg.com/opn/-/opn-5.3.0.tgz#64871565c863875f052cfdf53d3e3cb5adb53b1c"
    dependencies:
      is-wsl "^1.1.0"
  
  ora@2.1.0:
    version "2.1.0"
    resolved "https://registry.yarnpkg.com/ora/-/ora-2.1.0.tgz#6caf2830eb924941861ec53a173799e008b51e5b"
    dependencies:
      chalk "^2.3.1"
      cli-cursor "^2.1.0"
      cli-spinners "^1.1.0"
      log-symbols "^2.2.0"
      strip-ansi "^4.0.0"
      wcwidth "^1.0.1"
  
  os-homedir@^1.0.0:
    version "1.0.2"
    resolved "https://registry.yarnpkg.com/os-homedir/-/os-homedir-1.0.2.tgz#ffbc4988336e0e833de0c168c7ef152121aa7fb3"
  
  os-tmpdir@^1.0.0, os-tmpdir@~1.0.2:
    version "1.0.2"
    resolved "https://registry.yarnpkg.com/os-tmpdir/-/os-tmpdir-1.0.2.tgz#bbe67406c79aa85c5cfec766fe5734555dfa1274"
  
  osenv@^0.1.4:
    version "0.1.5"
    resolved "https://registry.yarnpkg.com/osenv/-/osenv-0.1.5.tgz#85cdfafaeb28e8677f416e287592b5f3f49ea410"
    dependencies:
      os-homedir "^1.0.0"
      os-tmpdir "^1.0.0"
  
  p-finally@^1.0.0:
    version "1.0.0"
    resolved "https://registry.yarnpkg.com/p-finally/-/p-finally-1.0.0.tgz#3fbcfb15b899a44123b34b6dcc18b724336a2cae"
  
  package-json@^4.0.0:
    version "4.0.1"
    resolved "https://registry.yarnpkg.com/package-json/-/package-json-4.0.1.tgz#8869a0401253661c4c4ca3da6c2121ed555f5eed"
    dependencies:
      got "^6.7.1"
      registry-auth-token "^3.0.1"
      registry-url "^3.0.3"
      semver "^5.1.0"
  
  parse-glob@^3.0.4:
    version "3.0.4"
    resolved "https://registry.yarnpkg.com/parse-glob/-/parse-glob-3.0.4.tgz#b2c376cfb11f35513badd173ef0bb6e3a388391c"
    dependencies:
      glob-base "^0.3.0"
      is-dotfile "^1.0.0"
      is-extglob "^1.0.0"
      is-glob "^2.0.0"
  
  parseurl@~1.3.0, parseurl@~1.3.2:
    version "1.3.2"
    resolved "https://registry.yarnpkg.com/parseurl/-/parseurl-1.3.2.tgz#fc289d4ed8993119460c156253262cdc8de65bf3"
  
  path-exists@3.0.0:
    version "3.0.0"
    resolved "https://registry.yarnpkg.com/path-exists/-/path-exists-3.0.0.tgz#ce0ebeaa5f78cb18925ea7d810d7b59b010fd515"
  
  path-is-absolute@^1.0.0:
    version "1.0.1"
    resolved "https://registry.yarnpkg.com/path-is-absolute/-/path-is-absolute-1.0.1.tgz#174b9268735534ffbc7ace6bf53a5a9e1b5c5f5f"
  
  path-is-inside@^1.0.1:
    version "1.0.2"
    resolved "https://registry.yarnpkg.com/path-is-inside/-/path-is-inside-1.0.2.tgz#365417dede44430d1c11af61027facf074bdfc53"
  
  path-key@^2.0.0, path-key@^2.0.1:
    version "2.0.1"
    resolved "https://registry.yarnpkg.com/path-key/-/path-key-2.0.1.tgz#411cadb574c5a140d3a4b1910d40d80cc9f40b40"
  
  pause-stream@0.0.11:
    version "0.0.11"
    resolved "https://registry.yarnpkg.com/pause-stream/-/pause-stream-0.0.11.tgz#fe5a34b0cbce12b5aa6a2b403ee2e73b602f1445"
    dependencies:
      through "~2.3"
  
  pify@^2.0.0, pify@^2.3.0:
    version "2.3.0"
    resolved "https://registry.yarnpkg.com/pify/-/pify-2.3.0.tgz#ed141a6ac043a849ea588498e7dca8b15330e90c"
  
  pify@^3.0.0:
    version "3.0.0"
    resolved "https://registry.yarnpkg.com/pify/-/pify-3.0.0.tgz#e5a4acd2c101fdf3d9a4d07f0dbc4db49dd28176"
  
  pinkie-promise@^2.0.0:
    version "2.0.1"
    resolved "https://registry.yarnpkg.com/pinkie-promise/-/pinkie-promise-2.0.1.tgz#2135d6dfa7a358c069ac9b178776288228450ffa"
    dependencies:
      pinkie "^2.0.0"
  
  pinkie@^2.0.0:
    version "2.0.4"
    resolved "https://registry.yarnpkg.com/pinkie/-/pinkie-2.0.4.tgz#72556b80cfa0d48a974e80e77248e80ed4f7f870"
  
  prepend-http@^1.0.1:
    version "1.0.4"
    resolved "https://registry.yarnpkg.com/prepend-http/-/prepend-http-1.0.4.tgz#d4f4562b0ce3696e41ac52d0e002e57a635dc6dc"
  
  preserve@^0.2.0:
    version "0.2.0"
    resolved "https://registry.yarnpkg.com/preserve/-/preserve-0.2.0.tgz#815ed1f6ebc65926f865b310c0713bcb3315ce4b"
  
  process-nextick-args@~2.0.0:
    version "2.0.0"
    resolved "https://registry.yarnpkg.com/process-nextick-args/-/process-nextick-args-2.0.0.tgz#a37d732f4271b4ab1ad070d35508e8290788ffaa"
  
  promise@^7.0.1:
    version "7.3.1"
    resolved "https://registry.yarnpkg.com/promise/-/promise-7.3.1.tgz#064b72602b18f90f29192b8b1bc418ffd1ebd3bf"
    dependencies:
      asap "~2.0.3"
  
  proto-list@~1.2.1:
    version "1.2.4"
    resolved "https://registry.yarnpkg.com/proto-list/-/proto-list-1.2.4.tgz#212d5bfe1318306a420f6402b8e26ff39647a849"
  
  proxy-middleware@0.15.0:
    version "0.15.0"
    resolved "https://registry.yarnpkg.com/proxy-middleware/-/proxy-middleware-0.15.0.tgz#a3fdf1befb730f951965872ac2f6074c61477a56"
  
  prr@~1.0.1:
    version "1.0.1"
    resolved "https://registry.yarnpkg.com/prr/-/prr-1.0.1.tgz#d3fc114ba06995a45ec6893f484ceb1d78f5f476"
  
  pseudomap@^1.0.2:
    version "1.0.2"
    resolved "https://registry.yarnpkg.com/pseudomap/-/pseudomap-1.0.2.tgz#f052a28da70e618917ef0a8ac34c1ae5a68286b3"
  
  randomatic@^3.0.0:
    version "3.0.0"
    resolved "https://registry.yarnpkg.com/randomatic/-/randomatic-3.0.0.tgz#d35490030eb4f7578de292ce6dfb04a91a128923"
    dependencies:
      is-number "^4.0.0"
      kind-of "^6.0.0"
      math-random "^1.0.1"
  
  range-parser@~1.2.0:
    version "1.2.0"
    resolved "https://registry.yarnpkg.com/range-parser/-/range-parser-1.2.0.tgz#f49be6b487894ddc40dcc94a322f611092e00d5e"
  
  rc@^1.0.1, rc@^1.1.6, rc@^1.2.7:
    version "1.2.8"
    resolved "https://registry.yarnpkg.com/rc/-/rc-1.2.8.tgz#cd924bf5200a075b83c188cd6b9e211b7fc0d3ed"
    dependencies:
      deep-extend "^0.6.0"
      ini "~1.3.0"
      minimist "^1.2.0"
      strip-json-comments "~2.0.1"
  
  readable-stream@^2.0.0, readable-stream@^2.0.2, readable-stream@^2.0.5, readable-stream@^2.0.6, readable-stream@^2.3.0, readable-stream@^2.3.5:
    version "2.3.6"
    resolved "https://registry.yarnpkg.com/readable-stream/-/readable-stream-2.3.6.tgz#b11c27d88b8ff1fbe070643cf94b0c79ae1b0aaf"
    dependencies:
      core-util-is "~1.0.0"
      inherits "~2.0.3"
      isarray "~1.0.0"
      process-nextick-args "~2.0.0"
      safe-buffer "~5.1.1"
      string_decoder "~1.1.1"
      util-deprecate "~1.0.1"
  
  readdirp@^2.0.0:
    version "2.1.0"
    resolved "https://registry.yarnpkg.com/readdirp/-/readdirp-2.1.0.tgz#4ed0ad060df3073300c48440373f72d1cc642d78"
    dependencies:
      graceful-fs "^4.1.2"
      minimatch "^3.0.2"
      readable-stream "^2.0.2"
      set-immediate-shim "^1.0.1"
  
  recursive-copy@2.0.8:
    version "2.0.8"
    resolved "https://registry.yarnpkg.com/recursive-copy/-/recursive-copy-2.0.8.tgz#2ee6b40a198c3fdb872115b85df53740736c04d6"
    dependencies:
      del "^2.2.0"
      emitter-mixin "0.0.3"
      errno "^0.1.2"
      graceful-fs "^4.1.4"
      junk "^1.0.1"
      maximatch "^0.1.0"
      mkdirp "^0.5.1"
      pify "^2.3.0"
      promise "^7.0.1"
      slash "^1.0.0"
  
  regex-cache@^0.4.2:
    version "0.4.4"
    resolved "https://registry.yarnpkg.com/regex-cache/-/regex-cache-0.4.4.tgz#75bdc58a2a1496cec48a12835bc54c8d562336dd"
    dependencies:
      is-equal-shallow "^0.1.3"
  
  registry-auth-token@^3.0.1:
    version "3.3.2"
    resolved "https://registry.yarnpkg.com/registry-auth-token/-/registry-auth-token-3.3.2.tgz#851fd49038eecb586911115af845260eec983f20"
    dependencies:
      rc "^1.1.6"
      safe-buffer "^5.0.1"
  
  registry-url@^3.0.3:
    version "3.1.0"
    resolved "https://registry.yarnpkg.com/registry-url/-/registry-url-3.1.0.tgz#3d4ef870f73dde1d77f0cf9a381432444e174942"
    dependencies:
      rc "^1.0.1"
  
  remove-trailing-separator@^1.0.1:
    version "1.1.0"
    resolved "https://registry.yarnpkg.com/remove-trailing-separator/-/remove-trailing-separator-1.1.0.tgz#c24bce2a283adad5bc3f58e0d48249b92379d8ef"
  
  repeat-element@^1.1.2:
    version "1.1.2"
    resolved "https://registry.yarnpkg.com/repeat-element/-/repeat-element-1.1.2.tgz#ef089a178d1483baae4d93eb98b4f9e4e11d990a"
  
  repeat-string@^1.5.2:
    version "1.6.1"
    resolved "https://registry.yarnpkg.com/repeat-string/-/repeat-string-1.6.1.tgz#8dcae470e1c88abc2d600fff4a776286da75e637"
  
  restore-cursor@^2.0.0:
    version "2.0.0"
    resolved "https://registry.yarnpkg.com/restore-cursor/-/restore-cursor-2.0.0.tgz#9f7ee287f82fd326d4fd162923d62129eee0dfaf"
    dependencies:
      onetime "^2.0.0"
      signal-exit "^3.0.2"
  
  rimraf@^2.2.8, rimraf@^2.6.1:
    version "2.6.2"
    resolved "https://registry.yarnpkg.com/rimraf/-/rimraf-2.6.2.tgz#2ed8150d24a16ea8651e6d6ef0f47c4158ce7a36"
    dependencies:
      glob "^7.0.5"
  
  run-async@^2.2.0:
    version "2.3.0"
    resolved "https://registry.yarnpkg.com/run-async/-/run-async-2.3.0.tgz#0371ab4ae0bdd720d4166d7dfda64ff7a445a6c0"
    dependencies:
      is-promise "^2.1.0"
  
  rxjs@^5.5.2:
    version "5.5.11"
    resolved "https://registry.yarnpkg.com/rxjs/-/rxjs-5.5.11.tgz#f733027ca43e3bec6b994473be4ab98ad43ced87"
    dependencies:
      symbol-observable "1.0.1"
  
  safe-buffer@^5.0.1, safe-buffer@^5.1.1, safe-buffer@^5.1.2, safe-buffer@~5.1.0, safe-buffer@~5.1.1:
    version "5.1.2"
    resolved "https://registry.yarnpkg.com/safe-buffer/-/safe-buffer-5.1.2.tgz#991ec69d296e0313747d59bdfd2b745c35f8828d"
  
  "safer-buffer@>= 2.1.2 < 3":
    version "2.1.2"
    resolved "https://registry.yarnpkg.com/safer-buffer/-/safer-buffer-2.1.2.tgz#44fa161b0187b9549dd84bb91802f9bd8385cd6a"
  
  sanitize-filename@1.6.1:
    version "1.6.1"
    resolved "https://registry.yarnpkg.com/sanitize-filename/-/sanitize-filename-1.6.1.tgz#612da1c96473fa02dccda92dcd5b4ab164a6772a"
    dependencies:
      truncate-utf8-bytes "^1.0.0"
  
  sax@^1.2.4:
    version "1.2.4"
    resolved "https://registry.yarnpkg.com/sax/-/sax-1.2.4.tgz#2816234e2378bddc4e5354fab5caa895df7100d9"
  
  semver-diff@^2.0.0:
    version "2.1.0"
    resolved "https://registry.yarnpkg.com/semver-diff/-/semver-diff-2.1.0.tgz#4bbb8437c8d37e4b0cf1a68fd726ec6d645d6d36"
    dependencies:
      semver "^5.0.3"
  
  semver@^5.0.3, semver@^5.1.0, semver@^5.3.0, semver@^5.5.0:
    version "5.5.0"
    resolved "https://registry.yarnpkg.com/semver/-/semver-5.5.0.tgz#dc4bbc7a6ca9d916dee5d43516f0092b58f7b8ab"
  
  send@0.16.2:
    version "0.16.2"
    resolved "https://registry.yarnpkg.com/send/-/send-0.16.2.tgz#6ecca1e0f8c156d141597559848df64730a6bbc1"
    dependencies:
      debug "2.6.9"
      depd "~1.1.2"
      destroy "~1.0.4"
      encodeurl "~1.0.2"
      escape-html "~1.0.3"
      etag "~1.8.1"
      fresh "0.5.2"
      http-errors "~1.6.2"
      mime "1.4.1"
      ms "2.0.0"
      on-finished "~2.3.0"
      range-parser "~1.2.0"
      statuses "~1.4.0"
  
  serve-index@1.7.2:
    version "1.7.2"
    resolved "https://registry.yarnpkg.com/serve-index/-/serve-index-1.7.2.tgz#9a155d9c4f9d391e463970e7b4eb16c7672141c0"
    dependencies:
      accepts "~1.2.12"
      batch "0.5.2"
      debug "~2.2.0"
      escape-html "1.0.2"
      http-errors "~1.3.1"
      mime-types "~2.1.4"
      parseurl "~1.3.0"
  
  set-blocking@~2.0.0:
    version "2.0.0"
    resolved "https://registry.yarnpkg.com/set-blocking/-/set-blocking-2.0.0.tgz#045f9782d011ae9a6803ddd382b24392b3d890f7"
  
  set-immediate-shim@^1.0.1:
    version "1.0.1"
    resolved "https://registry.yarnpkg.com/set-immediate-shim/-/set-immediate-shim-1.0.1.tgz#4b2b1b27eb808a9f8dcc481a58e5e56f599f3f61"
  
  setprototypeof@1.1.0:
    version "1.1.0"
    resolved "https://registry.yarnpkg.com/setprototypeof/-/setprototypeof-1.1.0.tgz#d0bd85536887b6fe7c0d818cb962d9d91c54e656"
  
  shebang-command@^1.2.0:
    version "1.2.0"
    resolved "https://registry.yarnpkg.com/shebang-command/-/shebang-command-1.2.0.tgz#44aac65b695b03398968c39f363fee5deafdf1ea"
    dependencies:
      shebang-regex "^1.0.0"
  
  shebang-regex@^1.0.0:
    version "1.0.0"
    resolved "https://registry.yarnpkg.com/shebang-regex/-/shebang-regex-1.0.0.tgz#da42f49740c0b42db2ca9728571cb190c98efea3"
  
  signal-exit@^3.0.0, signal-exit@^3.0.2:
    version "3.0.2"
    resolved "https://registry.yarnpkg.com/signal-exit/-/signal-exit-3.0.2.tgz#b5fdc08f1287ea1178628e415e25132b73646c6d"
  
  slash@^1.0.0:
    version "1.0.0"
    resolved "https://registry.yarnpkg.com/slash/-/slash-1.0.0.tgz#c41f2f6c39fc16d1cd17ad4b5d896114ae470d55"
  
  split@0.3:
    version "0.3.3"
    resolved "https://registry.yarnpkg.com/split/-/split-0.3.3.tgz#cd0eea5e63a211dfff7eb0f091c4133e2d0dd28f"
    dependencies:
      through "2"
  
  sprintf-js@~1.0.2:
    version "1.0.3"
    resolved "https://registry.yarnpkg.com/sprintf-js/-/sprintf-js-1.0.3.tgz#04e6926f662895354f3dd015203633b857297e2c"
  
  statuses@1, "statuses@>= 1.4.0 < 2":
    version "1.5.0"
    resolved "https://registry.yarnpkg.com/statuses/-/statuses-1.5.0.tgz#161c7dac177659fd9811f43771fa99381478628c"
  
  statuses@~1.3.1:
    version "1.3.1"
    resolved "https://registry.yarnpkg.com/statuses/-/statuses-1.3.1.tgz#faf51b9eb74aaef3b3acf4ad5f61abf24cb7b93e"
  
  statuses@~1.4.0:
    version "1.4.0"
    resolved "https://registry.yarnpkg.com/statuses/-/statuses-1.4.0.tgz#bb73d446da2796106efcc1b601a253d6c46bd087"
  
  stream-combiner@~0.0.4:
    version "0.0.4"
    resolved "https://registry.yarnpkg.com/stream-combiner/-/stream-combiner-0.0.4.tgz#4d5e433c185261dde623ca3f44c586bcf5c4ad14"
    dependencies:
      duplexer "~0.1.1"
  
  string-width@^1.0.1:
    version "1.0.2"
    resolved "https://registry.yarnpkg.com/string-width/-/string-width-1.0.2.tgz#118bdf5b8cdc51a2a7e70d211e07e2b0b9b107d3"
    dependencies:
      code-point-at "^1.0.0"
      is-fullwidth-code-point "^1.0.0"
      strip-ansi "^3.0.0"
  
  "string-width@^1.0.2 || 2", string-width@^2.0.0, string-width@^2.1.0, string-width@^2.1.1:
    version "2.1.1"
    resolved "https://registry.yarnpkg.com/string-width/-/string-width-2.1.1.tgz#ab93f27a8dc13d28cac815c462143a6d9012ae9e"
    dependencies:
      is-fullwidth-code-point "^2.0.0"
      strip-ansi "^4.0.0"
  
  string_decoder@~1.1.1:
    version "1.1.1"
    resolved "https://registry.yarnpkg.com/string_decoder/-/string_decoder-1.1.1.tgz#9cf1611ba62685d7030ae9e4ba34149c3af03fc8"
    dependencies:
      safe-buffer "~5.1.0"
  
  strip-ansi@^3.0.0, strip-ansi@^3.0.1:
    version "3.0.1"
    resolved "https://registry.yarnpkg.com/strip-ansi/-/strip-ansi-3.0.1.tgz#6a385fb8853d952d5ff05d0e8aaf94278dc63dcf"
    dependencies:
      ansi-regex "^2.0.0"
  
  strip-ansi@^4.0.0:
    version "4.0.0"
    resolved "https://registry.yarnpkg.com/strip-ansi/-/strip-ansi-4.0.0.tgz#a8479022eb1ac368a871389b635262c505ee368f"
    dependencies:
      ansi-regex "^3.0.0"
  
  strip-eof@^1.0.0:
    version "1.0.0"
    resolved "https://registry.yarnpkg.com/strip-eof/-/strip-eof-1.0.0.tgz#bb43ff5598a6eb05d89b59fcd129c983313606bf"
  
  strip-json-comments@~2.0.1:
    version "2.0.1"
    resolved "https://registry.yarnpkg.com/strip-json-comments/-/strip-json-comments-2.0.1.tgz#3c531942e908c2697c0ec344858c286c7ca0a60a"
  
  supports-color@^2.0.0:
    version "2.0.0"
    resolved "https://registry.yarnpkg.com/supports-color/-/supports-color-2.0.0.tgz#535d045ce6b6363fa40117084629995e9df324c7"
  
  supports-color@^5.3.0:
    version "5.4.0"
    resolved "https://registry.yarnpkg.com/supports-color/-/supports-color-5.4.0.tgz#1c6b337402c2137605efe19f10fec390f6faab54"
    dependencies:
      has-flag "^3.0.0"
  
  symbol-observable@1.0.1:
    version "1.0.1"
    resolved "https://registry.yarnpkg.com/symbol-observable/-/symbol-observable-1.0.1.tgz#8340fc4702c3122df5d22288f88283f513d3fdd4"
  
  tar-stream@^1.5.0:
    version "1.6.1"
    resolved "https://registry.yarnpkg.com/tar-stream/-/tar-stream-1.6.1.tgz#f84ef1696269d6223ca48f6e1eeede3f7e81f395"
    dependencies:
      bl "^1.0.0"
      buffer-alloc "^1.1.0"
      end-of-stream "^1.0.0"
      fs-constants "^1.0.0"
      readable-stream "^2.3.0"
      to-buffer "^1.1.0"
      xtend "^4.0.0"
  
  tar@^4:
    version "4.4.4"
    resolved "https://registry.yarnpkg.com/tar/-/tar-4.4.4.tgz#ec8409fae9f665a4355cc3b4087d0820232bb8cd"
    dependencies:
      chownr "^1.0.1"
      fs-minipass "^1.2.5"
      minipass "^2.3.3"
      minizlib "^1.1.0"
      mkdirp "^0.5.0"
      safe-buffer "^5.1.2"
      yallist "^3.0.2"
  
  term-size@^1.2.0:
    version "1.2.0"
    resolved "https://registry.yarnpkg.com/term-size/-/term-size-1.2.0.tgz#458b83887f288fc56d6fffbfad262e26638efa69"
    dependencies:
      execa "^0.7.0"
  
  through@2, through@^2.3.6, through@~2.3, through@~2.3.1:
    version "2.3.8"
    resolved "https://registry.yarnpkg.com/through/-/through-2.3.8.tgz#0dd4c9ffaabc357960b1b724115d7e0e86a2e1f5"
  
  timed-out@^4.0.0:
    version "4.0.1"
    resolved "https://registry.yarnpkg.com/timed-out/-/timed-out-4.0.1.tgz#f32eacac5a175bea25d7fab565ab3ed8741ef56f"
  
  tmp@^0.0.33:
    version "0.0.33"
    resolved "https://registry.yarnpkg.com/tmp/-/tmp-0.0.33.tgz#6d34335889768d21b2bcda0aa277ced3b1bfadf9"
    dependencies:
      os-tmpdir "~1.0.2"
  
  to-buffer@^1.1.0:
    version "1.1.1"
    resolved "https://registry.yarnpkg.com/to-buffer/-/to-buffer-1.1.1.tgz#493bd48f62d7c43fcded313a03dcadb2e1213a80"
  
  truncate-utf8-bytes@^1.0.0:
    version "1.0.2"
    resolved "https://registry.yarnpkg.com/truncate-utf8-bytes/-/truncate-utf8-bytes-1.0.2.tgz#405923909592d56f78a5818434b0b78489ca5f2b"
    dependencies:
      utf8-byte-length "^1.0.1"
  
  uc.micro@^1.0.0, uc.micro@^1.0.1:
    version "1.0.5"
    resolved "https://registry.yarnpkg.com/uc.micro/-/uc.micro-1.0.5.tgz#0c65f15f815aa08b560a61ce8b4db7ffc3f45376"
  
  unique-string@^1.0.0:
    version "1.0.0"
    resolved "https://registry.yarnpkg.com/unique-string/-/unique-string-1.0.0.tgz#9e1057cca851abb93398f8b33ae187b99caec11a"
    dependencies:
      crypto-random-string "^1.0.0"
  
  universalify@^0.1.0:
    version "0.1.2"
    resolved "https://registry.yarnpkg.com/universalify/-/universalify-0.1.2.tgz#b646f69be3942dabcecc9d6639c80dc105efaa66"
  
  unix-crypt-td-js@^1.0.0:
    version "1.0.0"
    resolved "https://registry.yarnpkg.com/unix-crypt-td-js/-/unix-crypt-td-js-1.0.0.tgz#1c0824150481bc7a01d49e98f1ec668d82412f3b"
  
  unpipe@~1.0.0:
    version "1.0.0"
    resolved "https://registry.yarnpkg.com/unpipe/-/unpipe-1.0.0.tgz#b2bf4ee8514aae6165b4817829d21b2ef49904ec"
  
  unzip-response@^2.0.1:
    version "2.0.1"
    resolved "https://registry.yarnpkg.com/unzip-response/-/unzip-response-2.0.1.tgz#d2f0f737d16b0615e72a6935ed04214572d56f97"
  
  update-notifier@2.2.0:
    version "2.2.0"
    resolved "https://registry.yarnpkg.com/update-notifier/-/update-notifier-2.2.0.tgz#1b5837cf90c0736d88627732b661c138f86de72f"
    dependencies:
      boxen "^1.0.0"
      chalk "^1.0.0"
      configstore "^3.0.0"
      import-lazy "^2.1.0"
      is-npm "^1.0.0"
      latest-version "^3.0.0"
      semver-diff "^2.0.0"
      xdg-basedir "^3.0.0"
  
  url-parse-lax@^1.0.0:
    version "1.0.0"
    resolved "https://registry.yarnpkg.com/url-parse-lax/-/url-parse-lax-1.0.0.tgz#7af8f303645e9bd79a272e7a14ac68bc0609da73"
    dependencies:
      prepend-http "^1.0.1"
  
  utf8-byte-length@^1.0.1:
    version "1.0.4"
    resolved "https://registry.yarnpkg.com/utf8-byte-length/-/utf8-byte-length-1.0.4.tgz#f45f150c4c66eee968186505ab93fcbb8ad6bf61"
  
  util-deprecate@~1.0.1:
    version "1.0.2"
    resolved "https://registry.yarnpkg.com/util-deprecate/-/util-deprecate-1.0.2.tgz#450d4dc9fa70de732762fbd2d4a28981419a0ccf"
  
  utils-merge@1.0.1:
    version "1.0.1"
    resolved "https://registry.yarnpkg.com/utils-merge/-/utils-merge-1.0.1.tgz#9f95710f50a267947b2ccc124741c1028427e713"
  
  uuid@^3.0.0:
    version "3.3.2"
    resolved "https://registry.yarnpkg.com/uuid/-/uuid-3.3.2.tgz#1b4af4955eb3077c501c23872fc6513811587131"
  
  vary@^1:
    version "1.1.2"
    resolved "https://registry.yarnpkg.com/vary/-/vary-1.1.2.tgz#2299f02c6ded30d4a5961b0b9f74524a18f634fc"
  
  wcwidth@^1.0.1:
    version "1.0.1"
    resolved "https://registry.yarnpkg.com/wcwidth/-/wcwidth-1.0.1.tgz#f0b0dcf915bc5ff1528afadb2c0e17b532da2fe8"
    dependencies:
      defaults "^1.0.3"
  
  websocket-driver@>=0.5.1:
    version "0.7.0"
    resolved "https://registry.yarnpkg.com/websocket-driver/-/websocket-driver-0.7.0.tgz#0caf9d2d755d93aee049d4bdd0d3fe2cca2a24eb"
    dependencies:
      http-parser-js ">=0.4.0"
      websocket-extensions ">=0.1.1"
  
  websocket-extensions@>=0.1.1:
    version "0.1.3"
    resolved "https://registry.yarnpkg.com/websocket-extensions/-/websocket-extensions-0.1.3.tgz#5d2ff22977003ec687a4b87073dfbbac146ccf29"
  
  which@^1.2.9:
    version "1.3.1"
    resolved "https://registry.yarnpkg.com/which/-/which-1.3.1.tgz#a45043d54f5805316da8d62f9f50918d3da70b0a"
    dependencies:
      isexe "^2.0.0"
  
  wide-align@^1.1.0:
    version "1.1.3"
    resolved "https://registry.yarnpkg.com/wide-align/-/wide-align-1.1.3.tgz#ae074e6bdc0c14a431e804e624549c633b000457"
    dependencies:
      string-width "^1.0.2 || 2"
  
  widest-line@^2.0.0:
    version "2.0.0"
    resolved "https://registry.yarnpkg.com/widest-line/-/widest-line-2.0.0.tgz#0142a4e8a243f8882c0233aa0e0281aa76152273"
    dependencies:
      string-width "^2.1.1"
  
  wrappy@1:
    version "1.0.2"
    resolved "https://registry.yarnpkg.com/wrappy/-/wrappy-1.0.2.tgz#b5243d8f3ec1aa35f1364605bc0d1036e30ab69f"
  
  write-file-atomic@^2.0.0:
    version "2.3.0"
    resolved "https://registry.yarnpkg.com/write-file-atomic/-/write-file-atomic-2.3.0.tgz#1ff61575c2e2a4e8e510d6fa4e243cce183999ab"
    dependencies:
      graceful-fs "^4.1.11"
      imurmurhash "^0.1.4"
      signal-exit "^3.0.2"
  
  xdg-basedir@^3.0.0:
    version "3.0.0"
    resolved "https://registry.yarnpkg.com/xdg-basedir/-/xdg-basedir-3.0.0.tgz#496b2cc109eca8dbacfe2dc72b603c17c5870ad4"
  
  xtend@^4.0.0:
    version "4.0.1"
    resolved "https://registry.yarnpkg.com/xtend/-/xtend-4.0.1.tgz#a5c6d532be656e23db820efb943a1f04998d63af"
  
  yallist@^2.1.2:
    version "2.1.2"
    resolved "https://registry.yarnpkg.com/yallist/-/yallist-2.1.2.tgz#1c11f9218f076089a47dd512f93c6699a6a81d52"
  
  yallist@^3.0.0, yallist@^3.0.2:
    version "3.0.2"
    resolved "https://registry.yarnpkg.com/yallist/-/yallist-3.0.2.tgz#8452b4bb7e83c7c188d8041c1a837c773d6d8bb9"
  
  zip-stream@^1.2.0:
    version "1.2.0"
    resolved "https://registry.yarnpkg.com/zip-stream/-/zip-stream-1.2.0.tgz#a8bc45f4c1b49699c6b90198baacaacdbcd4ba04"
    dependencies:
      archiver-utils "^1.3.0"
      compress-commons "^1.2.0"
      lodash "^4.8.0"
      readable-stream "^2.0.0"
